This file contains any messages produced by compilers while
running configure, to aid debugging if configure makes a mistake.

It was created by yara configure 3.11.0, which was
generated by GNU Autoconf 2.69.  Invocation command line was

  $ ./configure 

## --------- ##
## Platform. ##
## --------- ##

hostname = npc-laptop
uname -m = x86_64
uname -r = 4.15.0-66-generic
uname -s = Linux
uname -v = #75-Ubuntu SMP Tue Oct 1 05:24:09 UTC 2019

/usr/bin/uname -p = unknown
/bin/uname -X     = unknown

/bin/arch              = unknown
/usr/bin/arch -k       = unknown
/usr/convex/getsysinfo = unknown
/usr/bin/hostinfo      = unknown
/bin/machine           = unknown
/usr/bin/oslevel       = unknown
/bin/universe          = unknown

PATH: /usr/local/sbin
PATH: /usr/local/bin
PATH: /usr/sbin
PATH: /usr/bin
PATH: /sbin
PATH: /bin
PATH: /usr/games
PATH: /usr/local/games
PATH: /snap/bin


## ----------- ##
## Core tests. ##
## ----------- ##

configure:2325: checking whether make supports nested variables
configure:2342: result: yes
configure:2401: checking for a BSD-compatible install
configure:2469: result: /usr/bin/install -c
configure:2480: checking whether build environment is sane
configure:2535: result: yes
configure:2686: checking for a thread-safe mkdir -p
configure:2725: result: /bin/mkdir -p
configure:2732: checking for gawk
configure:2762: result: no
configure:2732: checking for mawk
configure:2748: found /usr/bin/mawk
configure:2759: result: mawk
configure:2770: checking whether make sets $(MAKE)
configure:2792: result: yes
configure:2948: checking for style of include used by make
configure:2976: result: GNU
configure:3047: checking for gcc
configure:3063: found /usr/bin/gcc
configure:3074: result: gcc
configure:3303: checking for C compiler version
configure:3312: gcc --version >&5
gcc (Ubuntu 7.4.0-1ubuntu1~18.04.1) 7.4.0
Copyright (C) 2017 Free Software Foundation, Inc.
This is free software; see the source for copying conditions.  There is NO
warranty; not even for MERCHANTABILITY or FITNESS FOR A PARTICULAR PURPOSE.

configure:3323: $? = 0
configure:3312: gcc -v >&5
Using built-in specs.
COLLECT_GCC=gcc
COLLECT_LTO_WRAPPER=/usr/lib/gcc/x86_64-linux-gnu/7/lto-wrapper
OFFLOAD_TARGET_NAMES=nvptx-none
OFFLOAD_TARGET_DEFAULT=1
Target: x86_64-linux-gnu
Configured with: ../src/configure -v --with-pkgversion='Ubuntu 7.4.0-1ubuntu1~18.04.1' --with-bugurl=file:///usr/share/doc/gcc-7/README.Bugs --enable-languages=c,ada,c++,go,brig,d,fortran,objc,obj-c++ --prefix=/usr --with-gcc-major-version-only --program-suffix=-7 --program-prefix=x86_64-linux-gnu- --enable-shared --enable-linker-build-id --libexecdir=/usr/lib --without-included-gettext --enable-threads=posix --libdir=/usr/lib --enable-nls --with-sysroot=/ --enable-clocale=gnu --enable-libstdcxx-debug --enable-libstdcxx-time=yes --with-default-libstdcxx-abi=new --enable-gnu-unique-object --disable-vtable-verify --enable-libmpx --enable-plugin --enable-default-pie --with-system-zlib --with-target-system-zlib --enable-objc-gc=auto --enable-multiarch --disable-werror --with-arch-32=i686 --with-abi=m64 --with-multilib-list=m32,m64,mx32 --enable-multilib --with-tune=generic --enable-offload-targets=nvptx-none --without-cuda-driver --enable-checking=release --build=x86_64-linux-gnu --host=x86_64-linux-gnu --target=x86_64-linux-gnu
Thread model: posix
gcc version 7.4.0 (Ubuntu 7.4.0-1ubuntu1~18.04.1) 
configure:3323: $? = 0
configure:3312: gcc -V >&5
gcc: error: unrecognized command line option '-V'
gcc: fatal error: no input files
compilation terminated.
configure:3323: $? = 1
configure:3312: gcc -qversion >&5
gcc: error: unrecognized command line option '-qversion'; did you mean '--version'?
gcc: fatal error: no input files
compilation terminated.
configure:3323: $? = 1
configure:3343: checking whether the C compiler works
configure:3365: gcc    conftest.c  >&5
configure:3369: $? = 0
configure:3417: result: yes
configure:3420: checking for C compiler default output file name
configure:3422: result: a.out
configure:3428: checking for suffix of executables
configure:3435: gcc -o conftest    conftest.c  >&5
configure:3439: $? = 0
configure:3461: result: 
configure:3483: checking whether we are cross compiling
configure:3491: gcc -o conftest    conftest.c  >&5
configure:3495: $? = 0
configure:3502: ./conftest
configure:3506: $? = 0
configure:3521: result: no
configure:3526: checking for suffix of object files
configure:3548: gcc -c   conftest.c >&5
configure:3552: $? = 0
configure:3573: result: o
configure:3577: checking whether we are using the GNU C compiler
configure:3596: gcc -c   conftest.c >&5
configure:3596: $? = 0
configure:3605: result: yes
configure:3614: checking whether gcc accepts -g
configure:3634: gcc -c -g  conftest.c >&5
configure:3634: $? = 0
configure:3675: result: yes
configure:3692: checking for gcc option to accept ISO C89
configure:3755: gcc  -c   conftest.c >&5
configure:3755: $? = 0
configure:3768: result: none needed
configure:3793: checking whether gcc understands -c and -o together
configure:3815: gcc -c conftest.c -o conftest2.o
configure:3818: $? = 0
configure:3815: gcc -c conftest.c -o conftest2.o
configure:3818: $? = 0
configure:3830: result: yes
configure:3849: checking dependency style of gcc
configure:3960: result: gcc3
configure:4025: checking for ar
configure:4041: found /usr/bin/ar
configure:4052: result: ar
configure:4078: checking the archiver (ar) interface
configure:4094: gcc -c   conftest.c >&5
configure:4094: $? = 0
configure:4096: ar cru libconftest.a conftest.o >&5
ar: `u' modifier ignored since `D' is the default (see `U')
configure:4099: $? = 0
configure:4127: result: ar
configure:4196: checking for gcc
configure:4223: result: gcc
configure:4452: checking for C compiler version
configure:4461: gcc --version >&5
gcc (Ubuntu 7.4.0-1ubuntu1~18.04.1) 7.4.0
Copyright (C) 2017 Free Software Foundation, Inc.
This is free software; see the source for copying conditions.  There is NO
warranty; not even for MERCHANTABILITY or FITNESS FOR A PARTICULAR PURPOSE.

configure:4472: $? = 0
configure:4461: gcc -v >&5
Using built-in specs.
COLLECT_GCC=gcc
COLLECT_LTO_WRAPPER=/usr/lib/gcc/x86_64-linux-gnu/7/lto-wrapper
OFFLOAD_TARGET_NAMES=nvptx-none
OFFLOAD_TARGET_DEFAULT=1
Target: x86_64-linux-gnu
Configured with: ../src/configure -v --with-pkgversion='Ubuntu 7.4.0-1ubuntu1~18.04.1' --with-bugurl=file:///usr/share/doc/gcc-7/README.Bugs --enable-languages=c,ada,c++,go,brig,d,fortran,objc,obj-c++ --prefix=/usr --with-gcc-major-version-only --program-suffix=-7 --program-prefix=x86_64-linux-gnu- --enable-shared --enable-linker-build-id --libexecdir=/usr/lib --without-included-gettext --enable-threads=posix --libdir=/usr/lib --enable-nls --with-sysroot=/ --enable-clocale=gnu --enable-libstdcxx-debug --enable-libstdcxx-time=yes --with-default-libstdcxx-abi=new --enable-gnu-unique-object --disable-vtable-verify --enable-libmpx --enable-plugin --enable-default-pie --with-system-zlib --with-target-system-zlib --enable-objc-gc=auto --enable-multiarch --disable-werror --with-arch-32=i686 --with-abi=m64 --with-multilib-list=m32,m64,mx32 --enable-multilib --with-tune=generic --enable-offload-targets=nvptx-none --without-cuda-driver --enable-checking=release --build=x86_64-linux-gnu --host=x86_64-linux-gnu --target=x86_64-linux-gnu
Thread model: posix
gcc version 7.4.0 (Ubuntu 7.4.0-1ubuntu1~18.04.1) 
configure:4472: $? = 0
configure:4461: gcc -V >&5
gcc: error: unrecognized command line option '-V'
gcc: fatal error: no input files
compilation terminated.
configure:4472: $? = 1
configure:4461: gcc -qversion >&5
gcc: error: unrecognized command line option '-qversion'; did you mean '--version'?
gcc: fatal error: no input files
compilation terminated.
configure:4472: $? = 1
configure:4476: checking whether we are using the GNU C compiler
configure:4504: result: yes
configure:4513: checking whether gcc accepts -g
configure:4574: result: yes
configure:4591: checking for gcc option to accept ISO C89
configure:4667: result: none needed
configure:4692: checking whether gcc understands -c and -o together
configure:4729: result: yes
configure:4748: checking dependency style of gcc
configure:4859: result: gcc3
configure:4879: checking for flex
configure:4909: result: no
configure:4879: checking for lex
configure:4909: result: no
configure:5041: checking for bison
configure:5071: result: no
configure:5041: checking for byacc
configure:5071: result: no
configure:5087: checking for special C compiler options needed for large files
configure:5132: result: no
configure:5138: checking for _FILE_OFFSET_BITS value needed for large files
configure:5163: gcc -c   conftest.c >&5
configure:5163: $? = 0
configure:5195: result: no
configure:5310: checking build system type
configure:5324: result: x86_64-pc-linux-gnu
configure:5344: checking host system type
configure:5357: result: x86_64-pc-linux-gnu
configure:5398: checking how to print strings
configure:5425: result: printf
configure:5446: checking for a sed that does not truncate output
configure:5510: result: /bin/sed
configure:5528: checking for grep that handles long lines and -e
configure:5586: result: /bin/grep
configure:5591: checking for egrep
configure:5653: result: /bin/grep -E
configure:5658: checking for fgrep
configure:5720: result: /bin/grep -F
configure:5755: checking for ld used by gcc
configure:5822: result: /usr/bin/ld
configure:5829: checking if the linker (/usr/bin/ld) is GNU ld
configure:5844: result: yes
configure:5856: checking for BSD- or MS-compatible name lister (nm)
configure:5910: result: /usr/bin/nm -B
configure:6040: checking the name lister (/usr/bin/nm -B) interface
configure:6047: gcc -c   conftest.c >&5
configure:6050: /usr/bin/nm -B "conftest.o"
configure:6053: output
0000000000000000 B some_variable
configure:6060: result: BSD nm
configure:6063: checking whether ln -s works
configure:6067: result: yes
configure:6075: checking the maximum length of command line arguments
configure:6206: result: 1572864
configure:6254: checking how to convert x86_64-pc-linux-gnu file names to x86_64-pc-linux-gnu format
configure:6294: result: func_convert_file_noop
configure:6301: checking how to convert x86_64-pc-linux-gnu file names to toolchain format
configure:6321: result: func_convert_file_noop
configure:6328: checking for /usr/bin/ld option to reload object files
configure:6335: result: -r
configure:6409: checking for objdump
configure:6425: found /usr/bin/objdump
configure:6436: result: objdump
configure:6468: checking how to recognize dependent libraries
configure:6668: result: pass_all
configure:6753: checking for dlltool
configure:6783: result: no
configure:6813: checking how to associate runtime and link libraries
configure:6840: result: printf %s\n
configure:6964: checking for archiver @FILE support
configure:6981: gcc -c   conftest.c >&5
configure:6981: $? = 0
configure:6984: ar cru libconftest.a @conftest.lst >&5
ar: `u' modifier ignored since `D' is the default (see `U')
configure:6987: $? = 0
configure:6992: ar cru libconftest.a @conftest.lst >&5
ar: `u' modifier ignored since `D' is the default (see `U')
ar: conftest.o: No such file or directory
configure:6995: $? = 1
configure:7007: result: @
configure:7065: checking for strip
configure:7081: found /usr/bin/strip
configure:7092: result: strip
configure:7164: checking for ranlib
configure:7180: found /usr/bin/ranlib
configure:7191: result: ranlib
configure:7293: checking command to parse /usr/bin/nm -B output from gcc object
configure:7446: gcc -c   conftest.c >&5
configure:7449: $? = 0
configure:7453: /usr/bin/nm -B conftest.o \| sed -n -e 's/^.*[ ]\([ABCDGIRSTW][ABCDGIRSTW]*\)[ ][ ]*\([_A-Za-z][_A-Za-z0-9]*\)$/\1 \2 \2/p' | sed '/ __gnu_lto/d' \> conftest.nm
configure:7456: $? = 0
configure:7522: gcc -o conftest    conftest.c conftstm.o >&5
configure:7525: $? = 0
configure:7563: result: ok
configure:7610: checking for sysroot
configure:7640: result: no
configure:7647: checking for a working dd
configure:7685: result: /bin/dd
configure:7689: checking how to truncate binary pipes
configure:7704: result: /bin/dd bs=4096 count=1
configure:7840: gcc -c   conftest.c >&5
configure:7843: $? = 0
configure:8033: checking for mt
configure:8049: found /bin/mt
configure:8060: result: mt
configure:8083: checking if mt is a manifest tool
configure:8089: mt '-?'
configure:8097: result: no
configure:8774: checking how to run the C preprocessor
configure:8805: gcc -E  conftest.c
configure:8805: $? = 0
configure:8819: gcc -E  conftest.c
conftest.c:11:10: fatal error: ac_nonexistent.h: No such file or directory
 #include <ac_nonexistent.h>
          ^~~~~~~~~~~~~~~~~~
compilation terminated.
configure:8819: $? = 1
configure: failed program was:
| /* confdefs.h */
| #define PACKAGE_NAME "yara"
| #define PACKAGE_TARNAME "yara"
| #define PACKAGE_VERSION "3.11.0"
| #define PACKAGE_STRING "yara 3.11.0"
| #define PACKAGE_BUGREPORT "vmalvarez@virustotal.com"
| #define PACKAGE_URL ""
| #define PACKAGE "yara"
| #define VERSION "3.11.0"
| /* end confdefs.h.  */
| #include <ac_nonexistent.h>
configure:8844: result: gcc -E
configure:8864: gcc -E  conftest.c
configure:8864: $? = 0
configure:8878: gcc -E  conftest.c
conftest.c:11:10: fatal error: ac_nonexistent.h: No such file or directory
 #include <ac_nonexistent.h>
          ^~~~~~~~~~~~~~~~~~
compilation terminated.
configure:8878: $? = 1
configure: failed program was:
| /* confdefs.h */
| #define PACKAGE_NAME "yara"
| #define PACKAGE_TARNAME "yara"
| #define PACKAGE_VERSION "3.11.0"
| #define PACKAGE_STRING "yara 3.11.0"
| #define PACKAGE_BUGREPORT "vmalvarez@virustotal.com"
| #define PACKAGE_URL ""
| #define PACKAGE "yara"
| #define VERSION "3.11.0"
| /* end confdefs.h.  */
| #include <ac_nonexistent.h>
configure:8907: checking for ANSI C header files
configure:8927: gcc -c   conftest.c >&5
configure:8927: $? = 0
configure:9000: gcc -o conftest    conftest.c  >&5
configure:9000: $? = 0
configure:9000: ./conftest
configure:9000: $? = 0
configure:9011: result: yes
configure:9024: checking for sys/types.h
configure:9024: gcc -c   conftest.c >&5
configure:9024: $? = 0
configure:9024: result: yes
configure:9024: checking for sys/stat.h
configure:9024: gcc -c   conftest.c >&5
configure:9024: $? = 0
configure:9024: result: yes
configure:9024: checking for stdlib.h
configure:9024: gcc -c   conftest.c >&5
configure:9024: $? = 0
configure:9024: result: yes
configure:9024: checking for string.h
configure:9024: gcc -c   conftest.c >&5
configure:9024: $? = 0
configure:9024: result: yes
configure:9024: checking for memory.h
configure:9024: gcc -c   conftest.c >&5
configure:9024: $? = 0
configure:9024: result: yes
configure:9024: checking for strings.h
configure:9024: gcc -c   conftest.c >&5
configure:9024: $? = 0
configure:9024: result: yes
configure:9024: checking for inttypes.h
configure:9024: gcc -c   conftest.c >&5
configure:9024: $? = 0
configure:9024: result: yes
configure:9024: checking for stdint.h
configure:9024: gcc -c   conftest.c >&5
configure:9024: $? = 0
configure:9024: result: yes
configure:9024: checking for unistd.h
configure:9024: gcc -c   conftest.c >&5
configure:9024: $? = 0
configure:9024: result: yes
configure:9038: checking for dlfcn.h
configure:9038: gcc -c   conftest.c >&5
configure:9038: $? = 0
configure:9038: result: yes
configure:9294: checking for objdir
configure:9309: result: .libs
configure:9573: checking if gcc supports -fno-rtti -fno-exceptions
configure:9591: gcc -c   -fno-rtti -fno-exceptions conftest.c >&5
cc1: warning: command line option '-fno-rtti' is valid for C++/ObjC++ but not for C
configure:9595: $? = 0
configure:9608: result: no
configure:9966: checking for gcc option to produce PIC
configure:9973: result: -fPIC -DPIC
configure:9981: checking if gcc PIC flag -fPIC -DPIC works
configure:9999: gcc -c   -fPIC -DPIC -DPIC conftest.c >&5
configure:10003: $? = 0
configure:10016: result: yes
configure:10045: checking if gcc static flag -static works
configure:10073: result: yes
configure:10088: checking if gcc supports -c -o file.o
configure:10109: gcc -c   -o out/conftest2.o conftest.c >&5
configure:10113: $? = 0
configure:10135: result: yes
configure:10143: checking if gcc supports -c -o file.o
configure:10190: result: yes
configure:10223: checking whether the gcc linker (/usr/bin/ld -m elf_x86_64) supports shared libraries
configure:11486: result: yes
configure:11523: checking whether -lc should be explicitly linked in
configure:11531: gcc -c   conftest.c >&5
configure:11534: $? = 0
configure:11549: gcc -shared  -fPIC -DPIC conftest.o  -v -Wl,-soname -Wl,conftest -o conftest 2\>\&1 \| /bin/grep  -lc  \>/dev/null 2\>\&1
configure:11552: $? = 0
configure:11566: result: no
configure:11726: checking dynamic linker characteristics
configure:12307: gcc -o conftest    -Wl,-rpath -Wl,/foo conftest.c  >&5
configure:12307: $? = 0
configure:12556: result: GNU/Linux ld.so
configure:12678: checking how to hardcode library paths into programs
configure:12703: result: immediate
configure:13251: checking whether stripping libraries is possible
configure:13256: result: yes
configure:13291: checking if libtool supports shared libraries
configure:13293: result: yes
configure:13296: checking whether to build shared libraries
configure:13321: result: yes
configure:13324: checking whether to build static libraries
configure:13328: result: yes
configure:13405: checking whether byte ordering is bigendian
configure:13420: gcc -c  -DUSE_LINUX_PROC  conftest.c >&5
conftest.c:24:9: error: unknown type name 'not'
         not a universal capable compiler
         ^~~
conftest.c:24:15: error: expected '=', ',', ';', 'asm' or '__attribute__' before 'universal'
         not a universal capable compiler
               ^~~~~~~~~
conftest.c:24:15: error: unknown type name 'universal'
configure:13420: $? = 1
configure: failed program was:
| /* confdefs.h */
| #define PACKAGE_NAME "yara"
| #define PACKAGE_TARNAME "yara"
| #define PACKAGE_VERSION "3.11.0"
| #define PACKAGE_STRING "yara 3.11.0"
| #define PACKAGE_BUGREPORT "vmalvarez@virustotal.com"
| #define PACKAGE_URL ""
| #define PACKAGE "yara"
| #define VERSION "3.11.0"
| #define STDC_HEADERS 1
| #define HAVE_SYS_TYPES_H 1
| #define HAVE_SYS_STAT_H 1
| #define HAVE_STDLIB_H 1
| #define HAVE_STRING_H 1
| #define HAVE_MEMORY_H 1
| #define HAVE_STRINGS_H 1
| #define HAVE_INTTYPES_H 1
| #define HAVE_STDINT_H 1
| #define HAVE_UNISTD_H 1
| #define HAVE_DLFCN_H 1
| #define LT_OBJDIR ".libs/"
| /* end confdefs.h.  */
| #ifndef __APPLE_CC__
| 	       not a universal capable compiler
| 	     #endif
| 	     typedef int dummy;
| 
configure:13465: gcc -c  -DUSE_LINUX_PROC  conftest.c >&5
configure:13465: $? = 0
configure:13483: gcc -c  -DUSE_LINUX_PROC  conftest.c >&5
conftest.c: In function 'main':
conftest.c:30:4: error: unknown type name 'not'; did you mean 'ino_t'?
    not big endian
    ^~~
    ino_t
conftest.c:30:12: error: expected '=', ',', ';', 'asm' or '__attribute__' before 'endian'
    not big endian
            ^~~~~~
configure:13483: $? = 1
configure: failed program was:
| /* confdefs.h */
| #define PACKAGE_NAME "yara"
| #define PACKAGE_TARNAME "yara"
| #define PACKAGE_VERSION "3.11.0"
| #define PACKAGE_STRING "yara 3.11.0"
| #define PACKAGE_BUGREPORT "vmalvarez@virustotal.com"
| #define PACKAGE_URL ""
| #define PACKAGE "yara"
| #define VERSION "3.11.0"
| #define STDC_HEADERS 1
| #define HAVE_SYS_TYPES_H 1
| #define HAVE_SYS_STAT_H 1
| #define HAVE_STDLIB_H 1
| #define HAVE_STRING_H 1
| #define HAVE_MEMORY_H 1
| #define HAVE_STRINGS_H 1
| #define HAVE_INTTYPES_H 1
| #define HAVE_STDINT_H 1
| #define HAVE_UNISTD_H 1
| #define HAVE_DLFCN_H 1
| #define LT_OBJDIR ".libs/"
| /* end confdefs.h.  */
| #include <sys/types.h>
| 		#include <sys/param.h>
| 
| int
| main ()
| {
| #if BYTE_ORDER != BIG_ENDIAN
| 		 not big endian
| 		#endif
| 
|   ;
|   return 0;
| }
configure:13611: result: no
configure:13795: checking for the pthreads library -lpthreads
configure:13828: gcc -o conftest  -DUSE_LINUX_PROC    conftest.c -lpthreads  >&5
conftest.c: In function 'main':
conftest.c:28:22: warning: null argument where non-null required (argument 1) [-Wnonnull]
                      pthread_attr_init(0); pthread_cleanup_push(0, 0);
                      ^~~~~~~~~~~~~~~~~
conftest.c:29:22: warning: null argument where non-null required (argument 1) [-Wnonnull]
                      pthread_create(0,0,0,0); pthread_cleanup_pop(0);
                      ^~~~~~~~~~~~~~
conftest.c:29:22: warning: null argument where non-null required (argument 3) [-Wnonnull]
/usr/bin/ld: cannot find -lpthreads
collect2: error: ld returned 1 exit status
configure:13828: $? = 1
configure: failed program was:
| /* confdefs.h */
| #define PACKAGE_NAME "yara"
| #define PACKAGE_TARNAME "yara"
| #define PACKAGE_VERSION "3.11.0"
| #define PACKAGE_STRING "yara 3.11.0"
| #define PACKAGE_BUGREPORT "vmalvarez@virustotal.com"
| #define PACKAGE_URL ""
| #define PACKAGE "yara"
| #define VERSION "3.11.0"
| #define STDC_HEADERS 1
| #define HAVE_SYS_TYPES_H 1
| #define HAVE_SYS_STAT_H 1
| #define HAVE_STDLIB_H 1
| #define HAVE_STRING_H 1
| #define HAVE_MEMORY_H 1
| #define HAVE_STRINGS_H 1
| #define HAVE_INTTYPES_H 1
| #define HAVE_STDINT_H 1
| #define HAVE_UNISTD_H 1
| #define HAVE_DLFCN_H 1
| #define LT_OBJDIR ".libs/"
| /* end confdefs.h.  */
| #include <pthread.h>
| int
| main ()
| {
| pthread_t th; pthread_join(th, 0);
|                      pthread_attr_init(0); pthread_cleanup_push(0, 0);
|                      pthread_create(0,0,0,0); pthread_cleanup_pop(0);
|   ;
|   return 0;
| }
configure:13837: result: no
configure:13740: checking whether pthreads work without any flags
configure:13828: gcc -o conftest  -DUSE_LINUX_PROC    conftest.c   >&5
conftest.c: In function 'main':
conftest.c:28:22: warning: null argument where non-null required (argument 1) [-Wnonnull]
                      pthread_attr_init(0); pthread_cleanup_push(0, 0);
                      ^~~~~~~~~~~~~~~~~
conftest.c:29:22: warning: null argument where non-null required (argument 1) [-Wnonnull]
                      pthread_create(0,0,0,0); pthread_cleanup_pop(0);
                      ^~~~~~~~~~~~~~
conftest.c:29:22: warning: null argument where non-null required (argument 3) [-Wnonnull]
/tmp/cceiPBsJ.o: In function `main':
conftest.c:(.text+0x27): undefined reference to `pthread_join'
conftest.c:(.text+0x90): undefined reference to `__pthread_register_cancel'
conftest.c:(.text+0xa9): undefined reference to `pthread_create'
conftest.c:(.text+0xb5): undefined reference to `__pthread_unregister_cancel'
collect2: error: ld returned 1 exit status
configure:13828: $? = 1
configure: failed program was:
| /* confdefs.h */
| #define PACKAGE_NAME "yara"
| #define PACKAGE_TARNAME "yara"
| #define PACKAGE_VERSION "3.11.0"
| #define PACKAGE_STRING "yara 3.11.0"
| #define PACKAGE_BUGREPORT "vmalvarez@virustotal.com"
| #define PACKAGE_URL ""
| #define PACKAGE "yara"
| #define VERSION "3.11.0"
| #define STDC_HEADERS 1
| #define HAVE_SYS_TYPES_H 1
| #define HAVE_SYS_STAT_H 1
| #define HAVE_STDLIB_H 1
| #define HAVE_STRING_H 1
| #define HAVE_MEMORY_H 1
| #define HAVE_STRINGS_H 1
| #define HAVE_INTTYPES_H 1
| #define HAVE_STDINT_H 1
| #define HAVE_UNISTD_H 1
| #define HAVE_DLFCN_H 1
| #define LT_OBJDIR ".libs/"
| /* end confdefs.h.  */
| #include <pthread.h>
| int
| main ()
| {
| pthread_t th; pthread_join(th, 0);
|                      pthread_attr_init(0); pthread_cleanup_push(0, 0);
|                      pthread_create(0,0,0,0); pthread_cleanup_pop(0);
|   ;
|   return 0;
| }
configure:13837: result: no
configure:13745: checking whether pthreads work with -Kthread
configure:13828: gcc -o conftest  -DUSE_LINUX_PROC -Kthread   conftest.c   >&5
gcc: error: unrecognized command line option '-Kthread'; did you mean '-pthread'?
configure:13828: $? = 1
configure: failed program was:
| /* confdefs.h */
| #define PACKAGE_NAME "yara"
| #define PACKAGE_TARNAME "yara"
| #define PACKAGE_VERSION "3.11.0"
| #define PACKAGE_STRING "yara 3.11.0"
| #define PACKAGE_BUGREPORT "vmalvarez@virustotal.com"
| #define PACKAGE_URL ""
| #define PACKAGE "yara"
| #define VERSION "3.11.0"
| #define STDC_HEADERS 1
| #define HAVE_SYS_TYPES_H 1
| #define HAVE_SYS_STAT_H 1
| #define HAVE_STDLIB_H 1
| #define HAVE_STRING_H 1
| #define HAVE_MEMORY_H 1
| #define HAVE_STRINGS_H 1
| #define HAVE_INTTYPES_H 1
| #define HAVE_STDINT_H 1
| #define HAVE_UNISTD_H 1
| #define HAVE_DLFCN_H 1
| #define LT_OBJDIR ".libs/"
| /* end confdefs.h.  */
| #include <pthread.h>
| int
| main ()
| {
| pthread_t th; pthread_join(th, 0);
|                      pthread_attr_init(0); pthread_cleanup_push(0, 0);
|                      pthread_create(0,0,0,0); pthread_cleanup_pop(0);
|   ;
|   return 0;
| }
configure:13837: result: no
configure:13745: checking whether pthreads work with -kthread
configure:13828: gcc -o conftest  -DUSE_LINUX_PROC -kthread   conftest.c   >&5
gcc: error: unrecognized command line option '-kthread'; did you mean '-pthread'?
configure:13828: $? = 1
configure: failed program was:
| /* confdefs.h */
| #define PACKAGE_NAME "yara"
| #define PACKAGE_TARNAME "yara"
| #define PACKAGE_VERSION "3.11.0"
| #define PACKAGE_STRING "yara 3.11.0"
| #define PACKAGE_BUGREPORT "vmalvarez@virustotal.com"
| #define PACKAGE_URL ""
| #define PACKAGE "yara"
| #define VERSION "3.11.0"
| #define STDC_HEADERS 1
| #define HAVE_SYS_TYPES_H 1
| #define HAVE_SYS_STAT_H 1
| #define HAVE_STDLIB_H 1
| #define HAVE_STRING_H 1
| #define HAVE_MEMORY_H 1
| #define HAVE_STRINGS_H 1
| #define HAVE_INTTYPES_H 1
| #define HAVE_STDINT_H 1
| #define HAVE_UNISTD_H 1
| #define HAVE_DLFCN_H 1
| #define LT_OBJDIR ".libs/"
| /* end confdefs.h.  */
| #include <pthread.h>
| int
| main ()
| {
| pthread_t th; pthread_join(th, 0);
|                      pthread_attr_init(0); pthread_cleanup_push(0, 0);
|                      pthread_create(0,0,0,0); pthread_cleanup_pop(0);
|   ;
|   return 0;
| }
configure:13837: result: no
configure:13795: checking for the pthreads library -llthread
configure:13828: gcc -o conftest  -DUSE_LINUX_PROC    conftest.c -llthread  >&5
conftest.c: In function 'main':
conftest.c:28:22: warning: null argument where non-null required (argument 1) [-Wnonnull]
                      pthread_attr_init(0); pthread_cleanup_push(0, 0);
                      ^~~~~~~~~~~~~~~~~
conftest.c:29:22: warning: null argument where non-null required (argument 1) [-Wnonnull]
                      pthread_create(0,0,0,0); pthread_cleanup_pop(0);
                      ^~~~~~~~~~~~~~
conftest.c:29:22: warning: null argument where non-null required (argument 3) [-Wnonnull]
/usr/bin/ld: cannot find -llthread
collect2: error: ld returned 1 exit status
configure:13828: $? = 1
configure: failed program was:
| /* confdefs.h */
| #define PACKAGE_NAME "yara"
| #define PACKAGE_TARNAME "yara"
| #define PACKAGE_VERSION "3.11.0"
| #define PACKAGE_STRING "yara 3.11.0"
| #define PACKAGE_BUGREPORT "vmalvarez@virustotal.com"
| #define PACKAGE_URL ""
| #define PACKAGE "yara"
| #define VERSION "3.11.0"
| #define STDC_HEADERS 1
| #define HAVE_SYS_TYPES_H 1
| #define HAVE_SYS_STAT_H 1
| #define HAVE_STDLIB_H 1
| #define HAVE_STRING_H 1
| #define HAVE_MEMORY_H 1
| #define HAVE_STRINGS_H 1
| #define HAVE_INTTYPES_H 1
| #define HAVE_STDINT_H 1
| #define HAVE_UNISTD_H 1
| #define HAVE_DLFCN_H 1
| #define LT_OBJDIR ".libs/"
| /* end confdefs.h.  */
| #include <pthread.h>
| int
| main ()
| {
| pthread_t th; pthread_join(th, 0);
|                      pthread_attr_init(0); pthread_cleanup_push(0, 0);
|                      pthread_create(0,0,0,0); pthread_cleanup_pop(0);
|   ;
|   return 0;
| }
configure:13837: result: no
configure:13745: checking whether pthreads work with -pthread
configure:13828: gcc -o conftest  -DUSE_LINUX_PROC -pthread   conftest.c   >&5
conftest.c: In function 'main':
conftest.c:28:22: warning: null argument where non-null required (argument 1) [-Wnonnull]
                      pthread_attr_init(0); pthread_cleanup_push(0, 0);
                      ^~~~~~~~~~~~~~~~~
conftest.c:29:22: warning: null argument where non-null required (argument 1) [-Wnonnull]
                      pthread_create(0,0,0,0); pthread_cleanup_pop(0);
                      ^~~~~~~~~~~~~~
conftest.c:29:22: warning: null argument where non-null required (argument 3) [-Wnonnull]
configure:13828: $? = 0
configure:13837: result: yes
configure:13856: checking for joinable pthread attribute
configure:13871: gcc -o conftest  -DUSE_LINUX_PROC -pthread   conftest.c   >&5
configure:13871: $? = 0
configure:13877: result: PTHREAD_CREATE_JOINABLE
configure:13887: checking if more special flags are required for pthreads
configure:13894: result: no
configure:13983: checking whether to check for GCC pthread/shared inconsistencies
configure:13996: gcc -o conftest -shared -fPIC -Wl,-z,defs  -DUSE_LINUX_PROC -pthread   conftest.c   >&5
configure:13996: $? = 0
configure:14008: result: yes
configure:14014: checking whether -pthread is sufficient with -shared
configure:14029: gcc -o conftest -shared -fPIC -Wl,-z,defs  -DUSE_LINUX_PROC -pthread   conftest.c   >&5
conftest.c: In function 'main':
conftest.c:28:11: warning: null argument where non-null required (argument 1) [-Wnonnull]
           pthread_attr_init(0); pthread_cleanup_push(0, 0);
           ^~~~~~~~~~~~~~~~~
conftest.c:29:11: warning: null argument where non-null required (argument 1) [-Wnonnull]
           pthread_create(0,0,0,0); pthread_cleanup_pop(0);
           ^~~~~~~~~~~~~~
conftest.c:29:11: warning: null argument where non-null required (argument 3) [-Wnonnull]
configure:14029: $? = 0
configure:14036: result: yes
configure:14153: checking for isnan in -lm
configure:14178: gcc -o conftest  -DUSE_LINUX_PROC -pthread   conftest.c -lm    >&5
conftest.c:30:6: warning: conflicting types for built-in function 'isnan' [-Wbuiltin-declaration-mismatch]
 char isnan ();
      ^~~~~
configure:14178: $? = 0
configure:14187: result: yes
configure:14198: checking for log2 in -lm
configure:14223: gcc -o conftest  -DUSE_LINUX_PROC -pthread   conftest.c -lm  -lm   >&5
conftest.c:31:6: warning: conflicting types for built-in function 'log2' [-Wbuiltin-declaration-mismatch]
 char log2 ();
      ^~~~
configure:14223: $? = 0
configure:14232: result: yes
configure:14246: checking for strlcpy
configure:14246: gcc -o conftest  -DUSE_LINUX_PROC -pthread   conftest.c -lm -lm   >&5
/tmp/ccuwmZh6.o: In function `main':
conftest.c:(.text+0xa): undefined reference to `strlcpy'
collect2: error: ld returned 1 exit status
configure:14246: $? = 1
configure: failed program was:
| /* confdefs.h */
| #define PACKAGE_NAME "yara"
| #define PACKAGE_TARNAME "yara"
| #define PACKAGE_VERSION "3.11.0"
| #define PACKAGE_STRING "yara 3.11.0"
| #define PACKAGE_BUGREPORT "vmalvarez@virustotal.com"
| #define PACKAGE_URL ""
| #define PACKAGE "yara"
| #define VERSION "3.11.0"
| #define STDC_HEADERS 1
| #define HAVE_SYS_TYPES_H 1
| #define HAVE_SYS_STAT_H 1
| #define HAVE_STDLIB_H 1
| #define HAVE_STRING_H 1
| #define HAVE_MEMORY_H 1
| #define HAVE_STRINGS_H 1
| #define HAVE_INTTYPES_H 1
| #define HAVE_STDINT_H 1
| #define HAVE_UNISTD_H 1
| #define HAVE_DLFCN_H 1
| #define LT_OBJDIR ".libs/"
| #define HAVE_LIBM 1
| #define HAVE_LIBM 1
| /* end confdefs.h.  */
| /* Define strlcpy to an innocuous variant, in case <limits.h> declares strlcpy.
|    For example, HP-UX 11i <limits.h> declares gettimeofday.  */
| #define strlcpy innocuous_strlcpy
| 
| /* System header to define __stub macros and hopefully few prototypes,
|     which can conflict with char strlcpy (); below.
|     Prefer <limits.h> to <assert.h> if __STDC__ is defined, since
|     <limits.h> exists even on freestanding compilers.  */
| 
| #ifdef __STDC__
| # include <limits.h>
| #else
| # include <assert.h>
| #endif
| 
| #undef strlcpy
| 
| /* Override any GCC internal prototype to avoid an error.
|    Use char because int might match the return type of a GCC
|    builtin and then its argument prototype would still apply.  */
| #ifdef __cplusplus
| extern "C"
| #endif
| char strlcpy ();
| /* The GNU C library defines this for functions which it implements
|     to always fail with ENOSYS.  Some functions are actually named
|     something starting with __ and the normal name is an alias.  */
| #if defined __stub_strlcpy || defined __stub___strlcpy
| choke me
| #endif
| 
| int
| main ()
| {
| return strlcpy ();
|   ;
|   return 0;
| }
configure:14246: result: no
configure:14246: checking for strlcat
configure:14246: gcc -o conftest  -DUSE_LINUX_PROC -pthread   conftest.c -lm -lm   >&5
/tmp/ccj6MyNb.o: In function `main':
conftest.c:(.text+0xa): undefined reference to `strlcat'
collect2: error: ld returned 1 exit status
configure:14246: $? = 1
configure: failed program was:
| /* confdefs.h */
| #define PACKAGE_NAME "yara"
| #define PACKAGE_TARNAME "yara"
| #define PACKAGE_VERSION "3.11.0"
| #define PACKAGE_STRING "yara 3.11.0"
| #define PACKAGE_BUGREPORT "vmalvarez@virustotal.com"
| #define PACKAGE_URL ""
| #define PACKAGE "yara"
| #define VERSION "3.11.0"
| #define STDC_HEADERS 1
| #define HAVE_SYS_TYPES_H 1
| #define HAVE_SYS_STAT_H 1
| #define HAVE_STDLIB_H 1
| #define HAVE_STRING_H 1
| #define HAVE_MEMORY_H 1
| #define HAVE_STRINGS_H 1
| #define HAVE_INTTYPES_H 1
| #define HAVE_STDINT_H 1
| #define HAVE_UNISTD_H 1
| #define HAVE_DLFCN_H 1
| #define LT_OBJDIR ".libs/"
| #define HAVE_LIBM 1
| #define HAVE_LIBM 1
| /* end confdefs.h.  */
| /* Define strlcat to an innocuous variant, in case <limits.h> declares strlcat.
|    For example, HP-UX 11i <limits.h> declares gettimeofday.  */
| #define strlcat innocuous_strlcat
| 
| /* System header to define __stub macros and hopefully few prototypes,
|     which can conflict with char strlcat (); below.
|     Prefer <limits.h> to <assert.h> if __STDC__ is defined, since
|     <limits.h> exists even on freestanding compilers.  */
| 
| #ifdef __STDC__
| # include <limits.h>
| #else
| # include <assert.h>
| #endif
| 
| #undef strlcat
| 
| /* Override any GCC internal prototype to avoid an error.
|    Use char because int might match the return type of a GCC
|    builtin and then its argument prototype would still apply.  */
| #ifdef __cplusplus
| extern "C"
| #endif
| char strlcat ();
| /* The GNU C library defines this for functions which it implements
|     to always fail with ENOSYS.  Some functions are actually named
|     something starting with __ and the normal name is an alias.  */
| #if defined __stub_strlcat || defined __stub___strlcat
| choke me
| #endif
| 
| int
| main ()
| {
| return strlcat ();
|   ;
|   return 0;
| }
configure:14246: result: no
configure:14246: checking for memmem
configure:14246: gcc -o conftest  -DUSE_LINUX_PROC -pthread   conftest.c -lm -lm   >&5
configure:14246: $? = 0
configure:14246: result: yes
configure:14246: checking for timegm
configure:14246: gcc -o conftest  -DUSE_LINUX_PROC -pthread   conftest.c -lm -lm   >&5
configure:14246: $? = 0
configure:14246: result: yes
configure:14246: checking for _mkgmtime
configure:14246: gcc -o conftest  -DUSE_LINUX_PROC -pthread   conftest.c -lm -lm   >&5
/tmp/cceNY0ii.o: In function `main':
conftest.c:(.text+0xa): undefined reference to `_mkgmtime'
collect2: error: ld returned 1 exit status
configure:14246: $? = 1
configure: failed program was:
| /* confdefs.h */
| #define PACKAGE_NAME "yara"
| #define PACKAGE_TARNAME "yara"
| #define PACKAGE_VERSION "3.11.0"
| #define PACKAGE_STRING "yara 3.11.0"
| #define PACKAGE_BUGREPORT "vmalvarez@virustotal.com"
| #define PACKAGE_URL ""
| #define PACKAGE "yara"
| #define VERSION "3.11.0"
| #define STDC_HEADERS 1
| #define HAVE_SYS_TYPES_H 1
| #define HAVE_SYS_STAT_H 1
| #define HAVE_STDLIB_H 1
| #define HAVE_STRING_H 1
| #define HAVE_MEMORY_H 1
| #define HAVE_STRINGS_H 1
| #define HAVE_INTTYPES_H 1
| #define HAVE_STDINT_H 1
| #define HAVE_UNISTD_H 1
| #define HAVE_DLFCN_H 1
| #define LT_OBJDIR ".libs/"
| #define HAVE_LIBM 1
| #define HAVE_LIBM 1
| #define HAVE_MEMMEM 1
| #define HAVE_TIMEGM 1
| /* end confdefs.h.  */
| /* Define _mkgmtime to an innocuous variant, in case <limits.h> declares _mkgmtime.
|    For example, HP-UX 11i <limits.h> declares gettimeofday.  */
| #define _mkgmtime innocuous__mkgmtime
| 
| /* System header to define __stub macros and hopefully few prototypes,
|     which can conflict with char _mkgmtime (); below.
|     Prefer <limits.h> to <assert.h> if __STDC__ is defined, since
|     <limits.h> exists even on freestanding compilers.  */
| 
| #ifdef __STDC__
| # include <limits.h>
| #else
| # include <assert.h>
| #endif
| 
| #undef _mkgmtime
| 
| /* Override any GCC internal prototype to avoid an error.
|    Use char because int might match the return type of a GCC
|    builtin and then its argument prototype would still apply.  */
| #ifdef __cplusplus
| extern "C"
| #endif
| char _mkgmtime ();
| /* The GNU C library defines this for functions which it implements
|     to always fail with ENOSYS.  Some functions are actually named
|     something starting with __ and the normal name is an alias.  */
| #if defined __stub__mkgmtime || defined __stub____mkgmtime
| choke me
| #endif
| 
| int
| main ()
| {
| return _mkgmtime ();
|   ;
|   return 0;
| }
configure:14246: result: no
configure:14654: checking openssl/md5.h usability
configure:14654: gcc -c  -DUSE_LINUX_PROC -pthread  conftest.c >&5
conftest.c:60:10: fatal error: openssl/md5.h: No such file or directory
 #include <openssl/md5.h>
          ^~~~~~~~~~~~~~~
compilation terminated.
configure:14654: $? = 1
configure: failed program was:
| /* confdefs.h */
| #define PACKAGE_NAME "yara"
| #define PACKAGE_TARNAME "yara"
| #define PACKAGE_VERSION "3.11.0"
| #define PACKAGE_STRING "yara 3.11.0"
| #define PACKAGE_BUGREPORT "vmalvarez@virustotal.com"
| #define PACKAGE_URL ""
| #define PACKAGE "yara"
| #define VERSION "3.11.0"
| #define STDC_HEADERS 1
| #define HAVE_SYS_TYPES_H 1
| #define HAVE_SYS_STAT_H 1
| #define HAVE_STDLIB_H 1
| #define HAVE_STRING_H 1
| #define HAVE_MEMORY_H 1
| #define HAVE_STRINGS_H 1
| #define HAVE_INTTYPES_H 1
| #define HAVE_STDINT_H 1
| #define HAVE_UNISTD_H 1
| #define HAVE_DLFCN_H 1
| #define LT_OBJDIR ".libs/"
| #define HAVE_LIBM 1
| #define HAVE_LIBM 1
| #define HAVE_MEMMEM 1
| #define HAVE_TIMEGM 1
| /* end confdefs.h.  */
| #include <stdio.h>
| #ifdef HAVE_SYS_TYPES_H
| # include <sys/types.h>
| #endif
| #ifdef HAVE_SYS_STAT_H
| # include <sys/stat.h>
| #endif
| #ifdef STDC_HEADERS
| # include <stdlib.h>
| # include <stddef.h>
| #else
| # ifdef HAVE_STDLIB_H
| #  include <stdlib.h>
| # endif
| #endif
| #ifdef HAVE_STRING_H
| # if !defined STDC_HEADERS && defined HAVE_MEMORY_H
| #  include <memory.h>
| # endif
| # include <string.h>
| #endif
| #ifdef HAVE_STRINGS_H
| # include <strings.h>
| #endif
| #ifdef HAVE_INTTYPES_H
| # include <inttypes.h>
| #endif
| #ifdef HAVE_STDINT_H
| # include <stdint.h>
| #endif
| #ifdef HAVE_UNISTD_H
| # include <unistd.h>
| #endif
| #include <openssl/md5.h>
configure:14654: result: no
configure:14654: checking openssl/md5.h presence
configure:14654: gcc -E  conftest.c
conftest.c:27:10: fatal error: openssl/md5.h: No such file or directory
 #include <openssl/md5.h>
          ^~~~~~~~~~~~~~~
compilation terminated.
configure:14654: $? = 1
configure: failed program was:
| /* confdefs.h */
| #define PACKAGE_NAME "yara"
| #define PACKAGE_TARNAME "yara"
| #define PACKAGE_VERSION "3.11.0"
| #define PACKAGE_STRING "yara 3.11.0"
| #define PACKAGE_BUGREPORT "vmalvarez@virustotal.com"
| #define PACKAGE_URL ""
| #define PACKAGE "yara"
| #define VERSION "3.11.0"
| #define STDC_HEADERS 1
| #define HAVE_SYS_TYPES_H 1
| #define HAVE_SYS_STAT_H 1
| #define HAVE_STDLIB_H 1
| #define HAVE_STRING_H 1
| #define HAVE_MEMORY_H 1
| #define HAVE_STRINGS_H 1
| #define HAVE_INTTYPES_H 1
| #define HAVE_STDINT_H 1
| #define HAVE_UNISTD_H 1
| #define HAVE_DLFCN_H 1
| #define LT_OBJDIR ".libs/"
| #define HAVE_LIBM 1
| #define HAVE_LIBM 1
| #define HAVE_MEMMEM 1
| #define HAVE_TIMEGM 1
| /* end confdefs.h.  */
| #include <openssl/md5.h>
configure:14654: result: no
configure:14654: checking for openssl/md5.h
configure:14654: result: no
configure:14668: checking openssl/sha.h usability
configure:14668: gcc -c  -DUSE_LINUX_PROC -pthread  conftest.c >&5
conftest.c:60:10: fatal error: openssl/sha.h: No such file or directory
 #include <openssl/sha.h>
          ^~~~~~~~~~~~~~~
compilation terminated.
configure:14668: $? = 1
configure: failed program was:
| /* confdefs.h */
| #define PACKAGE_NAME "yara"
| #define PACKAGE_TARNAME "yara"
| #define PACKAGE_VERSION "3.11.0"
| #define PACKAGE_STRING "yara 3.11.0"
| #define PACKAGE_BUGREPORT "vmalvarez@virustotal.com"
| #define PACKAGE_URL ""
| #define PACKAGE "yara"
| #define VERSION "3.11.0"
| #define STDC_HEADERS 1
| #define HAVE_SYS_TYPES_H 1
| #define HAVE_SYS_STAT_H 1
| #define HAVE_STDLIB_H 1
| #define HAVE_STRING_H 1
| #define HAVE_MEMORY_H 1
| #define HAVE_STRINGS_H 1
| #define HAVE_INTTYPES_H 1
| #define HAVE_STDINT_H 1
| #define HAVE_UNISTD_H 1
| #define HAVE_DLFCN_H 1
| #define LT_OBJDIR ".libs/"
| #define HAVE_LIBM 1
| #define HAVE_LIBM 1
| #define HAVE_MEMMEM 1
| #define HAVE_TIMEGM 1
| /* end confdefs.h.  */
| #include <stdio.h>
| #ifdef HAVE_SYS_TYPES_H
| # include <sys/types.h>
| #endif
| #ifdef HAVE_SYS_STAT_H
| # include <sys/stat.h>
| #endif
| #ifdef STDC_HEADERS
| # include <stdlib.h>
| # include <stddef.h>
| #else
| # ifdef HAVE_STDLIB_H
| #  include <stdlib.h>
| # endif
| #endif
| #ifdef HAVE_STRING_H
| # if !defined STDC_HEADERS && defined HAVE_MEMORY_H
| #  include <memory.h>
| # endif
| # include <string.h>
| #endif
| #ifdef HAVE_STRINGS_H
| # include <strings.h>
| #endif
| #ifdef HAVE_INTTYPES_H
| # include <inttypes.h>
| #endif
| #ifdef HAVE_STDINT_H
| # include <stdint.h>
| #endif
| #ifdef HAVE_UNISTD_H
| # include <unistd.h>
| #endif
| #include <openssl/sha.h>
configure:14668: result: no
configure:14668: checking openssl/sha.h presence
configure:14668: gcc -E  conftest.c
conftest.c:27:10: fatal error: openssl/sha.h: No such file or directory
 #include <openssl/sha.h>
          ^~~~~~~~~~~~~~~
compilation terminated.
configure:14668: $? = 1
configure: failed program was:
| /* confdefs.h */
| #define PACKAGE_NAME "yara"
| #define PACKAGE_TARNAME "yara"
| #define PACKAGE_VERSION "3.11.0"
| #define PACKAGE_STRING "yara 3.11.0"
| #define PACKAGE_BUGREPORT "vmalvarez@virustotal.com"
| #define PACKAGE_URL ""
| #define PACKAGE "yara"
| #define VERSION "3.11.0"
| #define STDC_HEADERS 1
| #define HAVE_SYS_TYPES_H 1
| #define HAVE_SYS_STAT_H 1
| #define HAVE_STDLIB_H 1
| #define HAVE_STRING_H 1
| #define HAVE_MEMORY_H 1
| #define HAVE_STRINGS_H 1
| #define HAVE_INTTYPES_H 1
| #define HAVE_STDINT_H 1
| #define HAVE_UNISTD_H 1
| #define HAVE_DLFCN_H 1
| #define LT_OBJDIR ".libs/"
| #define HAVE_LIBM 1
| #define HAVE_LIBM 1
| #define HAVE_MEMMEM 1
| #define HAVE_TIMEGM 1
| /* end confdefs.h.  */
| #include <openssl/sha.h>
configure:14668: result: no
configure:14668: checking for openssl/sha.h
configure:14668: result: no
configure:14682: checking openssl/asn1.h usability
configure:14682: gcc -c  -DUSE_LINUX_PROC -pthread  conftest.c >&5
conftest.c:60:10: fatal error: openssl/asn1.h: No such file or directory
 #include <openssl/asn1.h>
          ^~~~~~~~~~~~~~~~
compilation terminated.
configure:14682: $? = 1
configure: failed program was:
| /* confdefs.h */
| #define PACKAGE_NAME "yara"
| #define PACKAGE_TARNAME "yara"
| #define PACKAGE_VERSION "3.11.0"
| #define PACKAGE_STRING "yara 3.11.0"
| #define PACKAGE_BUGREPORT "vmalvarez@virustotal.com"
| #define PACKAGE_URL ""
| #define PACKAGE "yara"
| #define VERSION "3.11.0"
| #define STDC_HEADERS 1
| #define HAVE_SYS_TYPES_H 1
| #define HAVE_SYS_STAT_H 1
| #define HAVE_STDLIB_H 1
| #define HAVE_STRING_H 1
| #define HAVE_MEMORY_H 1
| #define HAVE_STRINGS_H 1
| #define HAVE_INTTYPES_H 1
| #define HAVE_STDINT_H 1
| #define HAVE_UNISTD_H 1
| #define HAVE_DLFCN_H 1
| #define LT_OBJDIR ".libs/"
| #define HAVE_LIBM 1
| #define HAVE_LIBM 1
| #define HAVE_MEMMEM 1
| #define HAVE_TIMEGM 1
| /* end confdefs.h.  */
| #include <stdio.h>
| #ifdef HAVE_SYS_TYPES_H
| # include <sys/types.h>
| #endif
| #ifdef HAVE_SYS_STAT_H
| # include <sys/stat.h>
| #endif
| #ifdef STDC_HEADERS
| # include <stdlib.h>
| # include <stddef.h>
| #else
| # ifdef HAVE_STDLIB_H
| #  include <stdlib.h>
| # endif
| #endif
| #ifdef HAVE_STRING_H
| # if !defined STDC_HEADERS && defined HAVE_MEMORY_H
| #  include <memory.h>
| # endif
| # include <string.h>
| #endif
| #ifdef HAVE_STRINGS_H
| # include <strings.h>
| #endif
| #ifdef HAVE_INTTYPES_H
| # include <inttypes.h>
| #endif
| #ifdef HAVE_STDINT_H
| # include <stdint.h>
| #endif
| #ifdef HAVE_UNISTD_H
| # include <unistd.h>
| #endif
| #include <openssl/asn1.h>
configure:14682: result: no
configure:14682: checking openssl/asn1.h presence
configure:14682: gcc -E  conftest.c
conftest.c:27:10: fatal error: openssl/asn1.h: No such file or directory
 #include <openssl/asn1.h>
          ^~~~~~~~~~~~~~~~
compilation terminated.
configure:14682: $? = 1
configure: failed program was:
| /* confdefs.h */
| #define PACKAGE_NAME "yara"
| #define PACKAGE_TARNAME "yara"
| #define PACKAGE_VERSION "3.11.0"
| #define PACKAGE_STRING "yara 3.11.0"
| #define PACKAGE_BUGREPORT "vmalvarez@virustotal.com"
| #define PACKAGE_URL ""
| #define PACKAGE "yara"
| #define VERSION "3.11.0"
| #define STDC_HEADERS 1
| #define HAVE_SYS_TYPES_H 1
| #define HAVE_SYS_STAT_H 1
| #define HAVE_STDLIB_H 1
| #define HAVE_STRING_H 1
| #define HAVE_MEMORY_H 1
| #define HAVE_STRINGS_H 1
| #define HAVE_INTTYPES_H 1
| #define HAVE_STDINT_H 1
| #define HAVE_UNISTD_H 1
| #define HAVE_DLFCN_H 1
| #define LT_OBJDIR ".libs/"
| #define HAVE_LIBM 1
| #define HAVE_LIBM 1
| #define HAVE_MEMMEM 1
| #define HAVE_TIMEGM 1
| /* end confdefs.h.  */
| #include <openssl/asn1.h>
configure:14682: result: no
configure:14682: checking for openssl/asn1.h
configure:14682: result: no
configure:14696: checking openssl/crypto.h usability
configure:14696: gcc -c  -DUSE_LINUX_PROC -pthread  conftest.c >&5
conftest.c:60:10: fatal error: openssl/crypto.h: No such file or directory
 #include <openssl/crypto.h>
          ^~~~~~~~~~~~~~~~~~
compilation terminated.
configure:14696: $? = 1
configure: failed program was:
| /* confdefs.h */
| #define PACKAGE_NAME "yara"
| #define PACKAGE_TARNAME "yara"
| #define PACKAGE_VERSION "3.11.0"
| #define PACKAGE_STRING "yara 3.11.0"
| #define PACKAGE_BUGREPORT "vmalvarez@virustotal.com"
| #define PACKAGE_URL ""
| #define PACKAGE "yara"
| #define VERSION "3.11.0"
| #define STDC_HEADERS 1
| #define HAVE_SYS_TYPES_H 1
| #define HAVE_SYS_STAT_H 1
| #define HAVE_STDLIB_H 1
| #define HAVE_STRING_H 1
| #define HAVE_MEMORY_H 1
| #define HAVE_STRINGS_H 1
| #define HAVE_INTTYPES_H 1
| #define HAVE_STDINT_H 1
| #define HAVE_UNISTD_H 1
| #define HAVE_DLFCN_H 1
| #define LT_OBJDIR ".libs/"
| #define HAVE_LIBM 1
| #define HAVE_LIBM 1
| #define HAVE_MEMMEM 1
| #define HAVE_TIMEGM 1
| /* end confdefs.h.  */
| #include <stdio.h>
| #ifdef HAVE_SYS_TYPES_H
| # include <sys/types.h>
| #endif
| #ifdef HAVE_SYS_STAT_H
| # include <sys/stat.h>
| #endif
| #ifdef STDC_HEADERS
| # include <stdlib.h>
| # include <stddef.h>
| #else
| # ifdef HAVE_STDLIB_H
| #  include <stdlib.h>
| # endif
| #endif
| #ifdef HAVE_STRING_H
| # if !defined STDC_HEADERS && defined HAVE_MEMORY_H
| #  include <memory.h>
| # endif
| # include <string.h>
| #endif
| #ifdef HAVE_STRINGS_H
| # include <strings.h>
| #endif
| #ifdef HAVE_INTTYPES_H
| # include <inttypes.h>
| #endif
| #ifdef HAVE_STDINT_H
| # include <stdint.h>
| #endif
| #ifdef HAVE_UNISTD_H
| # include <unistd.h>
| #endif
| #include <openssl/crypto.h>
configure:14696: result: no
configure:14696: checking openssl/crypto.h presence
configure:14696: gcc -E  conftest.c
conftest.c:27:10: fatal error: openssl/crypto.h: No such file or directory
 #include <openssl/crypto.h>
          ^~~~~~~~~~~~~~~~~~
compilation terminated.
configure:14696: $? = 1
configure: failed program was:
| /* confdefs.h */
| #define PACKAGE_NAME "yara"
| #define PACKAGE_TARNAME "yara"
| #define PACKAGE_VERSION "3.11.0"
| #define PACKAGE_STRING "yara 3.11.0"
| #define PACKAGE_BUGREPORT "vmalvarez@virustotal.com"
| #define PACKAGE_URL ""
| #define PACKAGE "yara"
| #define VERSION "3.11.0"
| #define STDC_HEADERS 1
| #define HAVE_SYS_TYPES_H 1
| #define HAVE_SYS_STAT_H 1
| #define HAVE_STDLIB_H 1
| #define HAVE_STRING_H 1
| #define HAVE_MEMORY_H 1
| #define HAVE_STRINGS_H 1
| #define HAVE_INTTYPES_H 1
| #define HAVE_STDINT_H 1
| #define HAVE_UNISTD_H 1
| #define HAVE_DLFCN_H 1
| #define LT_OBJDIR ".libs/"
| #define HAVE_LIBM 1
| #define HAVE_LIBM 1
| #define HAVE_MEMMEM 1
| #define HAVE_TIMEGM 1
| /* end confdefs.h.  */
| #include <openssl/crypto.h>
configure:14696: result: no
configure:14696: checking for openssl/crypto.h
configure:14696: result: no
configure:14710: checking openssl/bio.h usability
configure:14710: gcc -c  -DUSE_LINUX_PROC -pthread  conftest.c >&5
conftest.c:60:10: fatal error: openssl/bio.h: No such file or directory
 #include <openssl/bio.h>
          ^~~~~~~~~~~~~~~
compilation terminated.
configure:14710: $? = 1
configure: failed program was:
| /* confdefs.h */
| #define PACKAGE_NAME "yara"
| #define PACKAGE_TARNAME "yara"
| #define PACKAGE_VERSION "3.11.0"
| #define PACKAGE_STRING "yara 3.11.0"
| #define PACKAGE_BUGREPORT "vmalvarez@virustotal.com"
| #define PACKAGE_URL ""
| #define PACKAGE "yara"
| #define VERSION "3.11.0"
| #define STDC_HEADERS 1
| #define HAVE_SYS_TYPES_H 1
| #define HAVE_SYS_STAT_H 1
| #define HAVE_STDLIB_H 1
| #define HAVE_STRING_H 1
| #define HAVE_MEMORY_H 1
| #define HAVE_STRINGS_H 1
| #define HAVE_INTTYPES_H 1
| #define HAVE_STDINT_H 1
| #define HAVE_UNISTD_H 1
| #define HAVE_DLFCN_H 1
| #define LT_OBJDIR ".libs/"
| #define HAVE_LIBM 1
| #define HAVE_LIBM 1
| #define HAVE_MEMMEM 1
| #define HAVE_TIMEGM 1
| /* end confdefs.h.  */
| #include <stdio.h>
| #ifdef HAVE_SYS_TYPES_H
| # include <sys/types.h>
| #endif
| #ifdef HAVE_SYS_STAT_H
| # include <sys/stat.h>
| #endif
| #ifdef STDC_HEADERS
| # include <stdlib.h>
| # include <stddef.h>
| #else
| # ifdef HAVE_STDLIB_H
| #  include <stdlib.h>
| # endif
| #endif
| #ifdef HAVE_STRING_H
| # if !defined STDC_HEADERS && defined HAVE_MEMORY_H
| #  include <memory.h>
| # endif
| # include <string.h>
| #endif
| #ifdef HAVE_STRINGS_H
| # include <strings.h>
| #endif
| #ifdef HAVE_INTTYPES_H
| # include <inttypes.h>
| #endif
| #ifdef HAVE_STDINT_H
| # include <stdint.h>
| #endif
| #ifdef HAVE_UNISTD_H
| # include <unistd.h>
| #endif
| #include <openssl/bio.h>
configure:14710: result: no
configure:14710: checking openssl/bio.h presence
configure:14710: gcc -E  conftest.c
conftest.c:27:10: fatal error: openssl/bio.h: No such file or directory
 #include <openssl/bio.h>
          ^~~~~~~~~~~~~~~
compilation terminated.
configure:14710: $? = 1
configure: failed program was:
| /* confdefs.h */
| #define PACKAGE_NAME "yara"
| #define PACKAGE_TARNAME "yara"
| #define PACKAGE_VERSION "3.11.0"
| #define PACKAGE_STRING "yara 3.11.0"
| #define PACKAGE_BUGREPORT "vmalvarez@virustotal.com"
| #define PACKAGE_URL ""
| #define PACKAGE "yara"
| #define VERSION "3.11.0"
| #define STDC_HEADERS 1
| #define HAVE_SYS_TYPES_H 1
| #define HAVE_SYS_STAT_H 1
| #define HAVE_STDLIB_H 1
| #define HAVE_STRING_H 1
| #define HAVE_MEMORY_H 1
| #define HAVE_STRINGS_H 1
| #define HAVE_INTTYPES_H 1
| #define HAVE_STDINT_H 1
| #define HAVE_UNISTD_H 1
| #define HAVE_DLFCN_H 1
| #define LT_OBJDIR ".libs/"
| #define HAVE_LIBM 1
| #define HAVE_LIBM 1
| #define HAVE_MEMMEM 1
| #define HAVE_TIMEGM 1
| /* end confdefs.h.  */
| #include <openssl/bio.h>
configure:14710: result: no
configure:14710: checking for openssl/bio.h
configure:14710: result: no
configure:14724: checking openssl/pkcs7.h usability
configure:14724: gcc -c  -DUSE_LINUX_PROC -pthread  conftest.c >&5
conftest.c:60:10: fatal error: openssl/pkcs7.h: No such file or directory
 #include <openssl/pkcs7.h>
          ^~~~~~~~~~~~~~~~~
compilation terminated.
configure:14724: $? = 1
configure: failed program was:
| /* confdefs.h */
| #define PACKAGE_NAME "yara"
| #define PACKAGE_TARNAME "yara"
| #define PACKAGE_VERSION "3.11.0"
| #define PACKAGE_STRING "yara 3.11.0"
| #define PACKAGE_BUGREPORT "vmalvarez@virustotal.com"
| #define PACKAGE_URL ""
| #define PACKAGE "yara"
| #define VERSION "3.11.0"
| #define STDC_HEADERS 1
| #define HAVE_SYS_TYPES_H 1
| #define HAVE_SYS_STAT_H 1
| #define HAVE_STDLIB_H 1
| #define HAVE_STRING_H 1
| #define HAVE_MEMORY_H 1
| #define HAVE_STRINGS_H 1
| #define HAVE_INTTYPES_H 1
| #define HAVE_STDINT_H 1
| #define HAVE_UNISTD_H 1
| #define HAVE_DLFCN_H 1
| #define LT_OBJDIR ".libs/"
| #define HAVE_LIBM 1
| #define HAVE_LIBM 1
| #define HAVE_MEMMEM 1
| #define HAVE_TIMEGM 1
| /* end confdefs.h.  */
| #include <stdio.h>
| #ifdef HAVE_SYS_TYPES_H
| # include <sys/types.h>
| #endif
| #ifdef HAVE_SYS_STAT_H
| # include <sys/stat.h>
| #endif
| #ifdef STDC_HEADERS
| # include <stdlib.h>
| # include <stddef.h>
| #else
| # ifdef HAVE_STDLIB_H
| #  include <stdlib.h>
| # endif
| #endif
| #ifdef HAVE_STRING_H
| # if !defined STDC_HEADERS && defined HAVE_MEMORY_H
| #  include <memory.h>
| # endif
| # include <string.h>
| #endif
| #ifdef HAVE_STRINGS_H
| # include <strings.h>
| #endif
| #ifdef HAVE_INTTYPES_H
| # include <inttypes.h>
| #endif
| #ifdef HAVE_STDINT_H
| # include <stdint.h>
| #endif
| #ifdef HAVE_UNISTD_H
| # include <unistd.h>
| #endif
| #include <openssl/pkcs7.h>
configure:14724: result: no
configure:14724: checking openssl/pkcs7.h presence
configure:14724: gcc -E  conftest.c
conftest.c:27:10: fatal error: openssl/pkcs7.h: No such file or directory
 #include <openssl/pkcs7.h>
          ^~~~~~~~~~~~~~~~~
compilation terminated.
configure:14724: $? = 1
configure: failed program was:
| /* confdefs.h */
| #define PACKAGE_NAME "yara"
| #define PACKAGE_TARNAME "yara"
| #define PACKAGE_VERSION "3.11.0"
| #define PACKAGE_STRING "yara 3.11.0"
| #define PACKAGE_BUGREPORT "vmalvarez@virustotal.com"
| #define PACKAGE_URL ""
| #define PACKAGE "yara"
| #define VERSION "3.11.0"
| #define STDC_HEADERS 1
| #define HAVE_SYS_TYPES_H 1
| #define HAVE_SYS_STAT_H 1
| #define HAVE_STDLIB_H 1
| #define HAVE_STRING_H 1
| #define HAVE_MEMORY_H 1
| #define HAVE_STRINGS_H 1
| #define HAVE_INTTYPES_H 1
| #define HAVE_STDINT_H 1
| #define HAVE_UNISTD_H 1
| #define HAVE_DLFCN_H 1
| #define LT_OBJDIR ".libs/"
| #define HAVE_LIBM 1
| #define HAVE_LIBM 1
| #define HAVE_MEMMEM 1
| #define HAVE_TIMEGM 1
| /* end confdefs.h.  */
| #include <openssl/pkcs7.h>
configure:14724: result: no
configure:14724: checking for openssl/pkcs7.h
configure:14724: result: no
configure:14738: checking openssl/x509.h usability
configure:14738: gcc -c  -DUSE_LINUX_PROC -pthread  conftest.c >&5
conftest.c:60:10: fatal error: openssl/x509.h: No such file or directory
 #include <openssl/x509.h>
          ^~~~~~~~~~~~~~~~
compilation terminated.
configure:14738: $? = 1
configure: failed program was:
| /* confdefs.h */
| #define PACKAGE_NAME "yara"
| #define PACKAGE_TARNAME "yara"
| #define PACKAGE_VERSION "3.11.0"
| #define PACKAGE_STRING "yara 3.11.0"
| #define PACKAGE_BUGREPORT "vmalvarez@virustotal.com"
| #define PACKAGE_URL ""
| #define PACKAGE "yara"
| #define VERSION "3.11.0"
| #define STDC_HEADERS 1
| #define HAVE_SYS_TYPES_H 1
| #define HAVE_SYS_STAT_H 1
| #define HAVE_STDLIB_H 1
| #define HAVE_STRING_H 1
| #define HAVE_MEMORY_H 1
| #define HAVE_STRINGS_H 1
| #define HAVE_INTTYPES_H 1
| #define HAVE_STDINT_H 1
| #define HAVE_UNISTD_H 1
| #define HAVE_DLFCN_H 1
| #define LT_OBJDIR ".libs/"
| #define HAVE_LIBM 1
| #define HAVE_LIBM 1
| #define HAVE_MEMMEM 1
| #define HAVE_TIMEGM 1
| /* end confdefs.h.  */
| #include <stdio.h>
| #ifdef HAVE_SYS_TYPES_H
| # include <sys/types.h>
| #endif
| #ifdef HAVE_SYS_STAT_H
| # include <sys/stat.h>
| #endif
| #ifdef STDC_HEADERS
| # include <stdlib.h>
| # include <stddef.h>
| #else
| # ifdef HAVE_STDLIB_H
| #  include <stdlib.h>
| # endif
| #endif
| #ifdef HAVE_STRING_H
| # if !defined STDC_HEADERS && defined HAVE_MEMORY_H
| #  include <memory.h>
| # endif
| # include <string.h>
| #endif
| #ifdef HAVE_STRINGS_H
| # include <strings.h>
| #endif
| #ifdef HAVE_INTTYPES_H
| # include <inttypes.h>
| #endif
| #ifdef HAVE_STDINT_H
| # include <stdint.h>
| #endif
| #ifdef HAVE_UNISTD_H
| # include <unistd.h>
| #endif
| #include <openssl/x509.h>
configure:14738: result: no
configure:14738: checking openssl/x509.h presence
configure:14738: gcc -E  conftest.c
conftest.c:27:10: fatal error: openssl/x509.h: No such file or directory
 #include <openssl/x509.h>
          ^~~~~~~~~~~~~~~~
compilation terminated.
configure:14738: $? = 1
configure: failed program was:
| /* confdefs.h */
| #define PACKAGE_NAME "yara"
| #define PACKAGE_TARNAME "yara"
| #define PACKAGE_VERSION "3.11.0"
| #define PACKAGE_STRING "yara 3.11.0"
| #define PACKAGE_BUGREPORT "vmalvarez@virustotal.com"
| #define PACKAGE_URL ""
| #define PACKAGE "yara"
| #define VERSION "3.11.0"
| #define STDC_HEADERS 1
| #define HAVE_SYS_TYPES_H 1
| #define HAVE_SYS_STAT_H 1
| #define HAVE_STDLIB_H 1
| #define HAVE_STRING_H 1
| #define HAVE_MEMORY_H 1
| #define HAVE_STRINGS_H 1
| #define HAVE_INTTYPES_H 1
| #define HAVE_STDINT_H 1
| #define HAVE_UNISTD_H 1
| #define HAVE_DLFCN_H 1
| #define LT_OBJDIR ".libs/"
| #define HAVE_LIBM 1
| #define HAVE_LIBM 1
| #define HAVE_MEMMEM 1
| #define HAVE_TIMEGM 1
| /* end confdefs.h.  */
| #include <openssl/x509.h>
configure:14738: result: no
configure:14738: checking for openssl/x509.h
configure:14738: result: no
configure:14752: checking openssl/safestack.h usability
configure:14752: gcc -c  -DUSE_LINUX_PROC -pthread  conftest.c >&5
conftest.c:60:10: fatal error: openssl/safestack.h: No such file or directory
 #include <openssl/safestack.h>
          ^~~~~~~~~~~~~~~~~~~~~
compilation terminated.
configure:14752: $? = 1
configure: failed program was:
| /* confdefs.h */
| #define PACKAGE_NAME "yara"
| #define PACKAGE_TARNAME "yara"
| #define PACKAGE_VERSION "3.11.0"
| #define PACKAGE_STRING "yara 3.11.0"
| #define PACKAGE_BUGREPORT "vmalvarez@virustotal.com"
| #define PACKAGE_URL ""
| #define PACKAGE "yara"
| #define VERSION "3.11.0"
| #define STDC_HEADERS 1
| #define HAVE_SYS_TYPES_H 1
| #define HAVE_SYS_STAT_H 1
| #define HAVE_STDLIB_H 1
| #define HAVE_STRING_H 1
| #define HAVE_MEMORY_H 1
| #define HAVE_STRINGS_H 1
| #define HAVE_INTTYPES_H 1
| #define HAVE_STDINT_H 1
| #define HAVE_UNISTD_H 1
| #define HAVE_DLFCN_H 1
| #define LT_OBJDIR ".libs/"
| #define HAVE_LIBM 1
| #define HAVE_LIBM 1
| #define HAVE_MEMMEM 1
| #define HAVE_TIMEGM 1
| /* end confdefs.h.  */
| #include <stdio.h>
| #ifdef HAVE_SYS_TYPES_H
| # include <sys/types.h>
| #endif
| #ifdef HAVE_SYS_STAT_H
| # include <sys/stat.h>
| #endif
| #ifdef STDC_HEADERS
| # include <stdlib.h>
| # include <stddef.h>
| #else
| # ifdef HAVE_STDLIB_H
| #  include <stdlib.h>
| # endif
| #endif
| #ifdef HAVE_STRING_H
| # if !defined STDC_HEADERS && defined HAVE_MEMORY_H
| #  include <memory.h>
| # endif
| # include <string.h>
| #endif
| #ifdef HAVE_STRINGS_H
| # include <strings.h>
| #endif
| #ifdef HAVE_INTTYPES_H
| # include <inttypes.h>
| #endif
| #ifdef HAVE_STDINT_H
| # include <stdint.h>
| #endif
| #ifdef HAVE_UNISTD_H
| # include <unistd.h>
| #endif
| #include <openssl/safestack.h>
configure:14752: result: no
configure:14752: checking openssl/safestack.h presence
configure:14752: gcc -E  conftest.c
conftest.c:27:10: fatal error: openssl/safestack.h: No such file or directory
 #include <openssl/safestack.h>
          ^~~~~~~~~~~~~~~~~~~~~
compilation terminated.
configure:14752: $? = 1
configure: failed program was:
| /* confdefs.h */
| #define PACKAGE_NAME "yara"
| #define PACKAGE_TARNAME "yara"
| #define PACKAGE_VERSION "3.11.0"
| #define PACKAGE_STRING "yara 3.11.0"
| #define PACKAGE_BUGREPORT "vmalvarez@virustotal.com"
| #define PACKAGE_URL ""
| #define PACKAGE "yara"
| #define VERSION "3.11.0"
| #define STDC_HEADERS 1
| #define HAVE_SYS_TYPES_H 1
| #define HAVE_SYS_STAT_H 1
| #define HAVE_STDLIB_H 1
| #define HAVE_STRING_H 1
| #define HAVE_MEMORY_H 1
| #define HAVE_STRINGS_H 1
| #define HAVE_INTTYPES_H 1
| #define HAVE_STDINT_H 1
| #define HAVE_UNISTD_H 1
| #define HAVE_DLFCN_H 1
| #define LT_OBJDIR ".libs/"
| #define HAVE_LIBM 1
| #define HAVE_LIBM 1
| #define HAVE_MEMMEM 1
| #define HAVE_TIMEGM 1
| /* end confdefs.h.  */
| #include <openssl/safestack.h>
configure:14752: result: no
configure:14752: checking for openssl/safestack.h
configure:14752: result: no
configure:14764: checking for MD5_Init in -lcrypto
configure:14789: gcc -o conftest  -DUSE_LINUX_PROC -pthread   conftest.c -lcrypto  -lm -lm   >&5
/usr/bin/ld: cannot find -lcrypto
collect2: error: ld returned 1 exit status
configure:14789: $? = 1
configure: failed program was:
| /* confdefs.h */
| #define PACKAGE_NAME "yara"
| #define PACKAGE_TARNAME "yara"
| #define PACKAGE_VERSION "3.11.0"
| #define PACKAGE_STRING "yara 3.11.0"
| #define PACKAGE_BUGREPORT "vmalvarez@virustotal.com"
| #define PACKAGE_URL ""
| #define PACKAGE "yara"
| #define VERSION "3.11.0"
| #define STDC_HEADERS 1
| #define HAVE_SYS_TYPES_H 1
| #define HAVE_SYS_STAT_H 1
| #define HAVE_STDLIB_H 1
| #define HAVE_STRING_H 1
| #define HAVE_MEMORY_H 1
| #define HAVE_STRINGS_H 1
| #define HAVE_INTTYPES_H 1
| #define HAVE_STDINT_H 1
| #define HAVE_UNISTD_H 1
| #define HAVE_DLFCN_H 1
| #define LT_OBJDIR ".libs/"
| #define HAVE_LIBM 1
| #define HAVE_LIBM 1
| #define HAVE_MEMMEM 1
| #define HAVE_TIMEGM 1
| /* end confdefs.h.  */
| 
| /* Override any GCC internal prototype to avoid an error.
|    Use char because int might match the return type of a GCC
|    builtin and then its argument prototype would still apply.  */
| #ifdef __cplusplus
| extern "C"
| #endif
| char MD5_Init ();
| int
| main ()
| {
| return MD5_Init ();
|   ;
|   return 0;
| }
configure:14798: result: no
configure:14811: checking for MD5_Update in -lcrypto
configure:14836: gcc -o conftest  -DUSE_LINUX_PROC -pthread   conftest.c -lcrypto  -lm -lm   >&5
/usr/bin/ld: cannot find -lcrypto
collect2: error: ld returned 1 exit status
configure:14836: $? = 1
configure: failed program was:
| /* confdefs.h */
| #define PACKAGE_NAME "yara"
| #define PACKAGE_TARNAME "yara"
| #define PACKAGE_VERSION "3.11.0"
| #define PACKAGE_STRING "yara 3.11.0"
| #define PACKAGE_BUGREPORT "vmalvarez@virustotal.com"
| #define PACKAGE_URL ""
| #define PACKAGE "yara"
| #define VERSION "3.11.0"
| #define STDC_HEADERS 1
| #define HAVE_SYS_TYPES_H 1
| #define HAVE_SYS_STAT_H 1
| #define HAVE_STDLIB_H 1
| #define HAVE_STRING_H 1
| #define HAVE_MEMORY_H 1
| #define HAVE_STRINGS_H 1
| #define HAVE_INTTYPES_H 1
| #define HAVE_STDINT_H 1
| #define HAVE_UNISTD_H 1
| #define HAVE_DLFCN_H 1
| #define LT_OBJDIR ".libs/"
| #define HAVE_LIBM 1
| #define HAVE_LIBM 1
| #define HAVE_MEMMEM 1
| #define HAVE_TIMEGM 1
| /* end confdefs.h.  */
| 
| /* Override any GCC internal prototype to avoid an error.
|    Use char because int might match the return type of a GCC
|    builtin and then its argument prototype would still apply.  */
| #ifdef __cplusplus
| extern "C"
| #endif
| char MD5_Update ();
| int
| main ()
| {
| return MD5_Update ();
|   ;
|   return 0;
| }
configure:14845: result: no
configure:14858: checking for MD5_Final in -lcrypto
configure:14883: gcc -o conftest  -DUSE_LINUX_PROC -pthread   conftest.c -lcrypto  -lm -lm   >&5
/usr/bin/ld: cannot find -lcrypto
collect2: error: ld returned 1 exit status
configure:14883: $? = 1
configure: failed program was:
| /* confdefs.h */
| #define PACKAGE_NAME "yara"
| #define PACKAGE_TARNAME "yara"
| #define PACKAGE_VERSION "3.11.0"
| #define PACKAGE_STRING "yara 3.11.0"
| #define PACKAGE_BUGREPORT "vmalvarez@virustotal.com"
| #define PACKAGE_URL ""
| #define PACKAGE "yara"
| #define VERSION "3.11.0"
| #define STDC_HEADERS 1
| #define HAVE_SYS_TYPES_H 1
| #define HAVE_SYS_STAT_H 1
| #define HAVE_STDLIB_H 1
| #define HAVE_STRING_H 1
| #define HAVE_MEMORY_H 1
| #define HAVE_STRINGS_H 1
| #define HAVE_INTTYPES_H 1
| #define HAVE_STDINT_H 1
| #define HAVE_UNISTD_H 1
| #define HAVE_DLFCN_H 1
| #define LT_OBJDIR ".libs/"
| #define HAVE_LIBM 1
| #define HAVE_LIBM 1
| #define HAVE_MEMMEM 1
| #define HAVE_TIMEGM 1
| /* end confdefs.h.  */
| 
| /* Override any GCC internal prototype to avoid an error.
|    Use char because int might match the return type of a GCC
|    builtin and then its argument prototype would still apply.  */
| #ifdef __cplusplus
| extern "C"
| #endif
| char MD5_Final ();
| int
| main ()
| {
| return MD5_Final ();
|   ;
|   return 0;
| }
configure:14892: result: no
configure:14905: checking for SHA256_Init in -lcrypto
configure:14930: gcc -o conftest  -DUSE_LINUX_PROC -pthread   conftest.c -lcrypto  -lm -lm   >&5
/usr/bin/ld: cannot find -lcrypto
collect2: error: ld returned 1 exit status
configure:14930: $? = 1
configure: failed program was:
| /* confdefs.h */
| #define PACKAGE_NAME "yara"
| #define PACKAGE_TARNAME "yara"
| #define PACKAGE_VERSION "3.11.0"
| #define PACKAGE_STRING "yara 3.11.0"
| #define PACKAGE_BUGREPORT "vmalvarez@virustotal.com"
| #define PACKAGE_URL ""
| #define PACKAGE "yara"
| #define VERSION "3.11.0"
| #define STDC_HEADERS 1
| #define HAVE_SYS_TYPES_H 1
| #define HAVE_SYS_STAT_H 1
| #define HAVE_STDLIB_H 1
| #define HAVE_STRING_H 1
| #define HAVE_MEMORY_H 1
| #define HAVE_STRINGS_H 1
| #define HAVE_INTTYPES_H 1
| #define HAVE_STDINT_H 1
| #define HAVE_UNISTD_H 1
| #define HAVE_DLFCN_H 1
| #define LT_OBJDIR ".libs/"
| #define HAVE_LIBM 1
| #define HAVE_LIBM 1
| #define HAVE_MEMMEM 1
| #define HAVE_TIMEGM 1
| /* end confdefs.h.  */
| 
| /* Override any GCC internal prototype to avoid an error.
|    Use char because int might match the return type of a GCC
|    builtin and then its argument prototype would still apply.  */
| #ifdef __cplusplus
| extern "C"
| #endif
| char SHA256_Init ();
| int
| main ()
| {
| return SHA256_Init ();
|   ;
|   return 0;
| }
configure:14939: result: no
configure:14952: checking for SHA256_Update in -lcrypto
configure:14977: gcc -o conftest  -DUSE_LINUX_PROC -pthread   conftest.c -lcrypto  -lm -lm   >&5
/usr/bin/ld: cannot find -lcrypto
collect2: error: ld returned 1 exit status
configure:14977: $? = 1
configure: failed program was:
| /* confdefs.h */
| #define PACKAGE_NAME "yara"
| #define PACKAGE_TARNAME "yara"
| #define PACKAGE_VERSION "3.11.0"
| #define PACKAGE_STRING "yara 3.11.0"
| #define PACKAGE_BUGREPORT "vmalvarez@virustotal.com"
| #define PACKAGE_URL ""
| #define PACKAGE "yara"
| #define VERSION "3.11.0"
| #define STDC_HEADERS 1
| #define HAVE_SYS_TYPES_H 1
| #define HAVE_SYS_STAT_H 1
| #define HAVE_STDLIB_H 1
| #define HAVE_STRING_H 1
| #define HAVE_MEMORY_H 1
| #define HAVE_STRINGS_H 1
| #define HAVE_INTTYPES_H 1
| #define HAVE_STDINT_H 1
| #define HAVE_UNISTD_H 1
| #define HAVE_DLFCN_H 1
| #define LT_OBJDIR ".libs/"
| #define HAVE_LIBM 1
| #define HAVE_LIBM 1
| #define HAVE_MEMMEM 1
| #define HAVE_TIMEGM 1
| /* end confdefs.h.  */
| 
| /* Override any GCC internal prototype to avoid an error.
|    Use char because int might match the return type of a GCC
|    builtin and then its argument prototype would still apply.  */
| #ifdef __cplusplus
| extern "C"
| #endif
| char SHA256_Update ();
| int
| main ()
| {
| return SHA256_Update ();
|   ;
|   return 0;
| }
configure:14986: result: no
configure:14999: checking for SHA256_Final in -lcrypto
configure:15024: gcc -o conftest  -DUSE_LINUX_PROC -pthread   conftest.c -lcrypto  -lm -lm   >&5
/usr/bin/ld: cannot find -lcrypto
collect2: error: ld returned 1 exit status
configure:15024: $? = 1
configure: failed program was:
| /* confdefs.h */
| #define PACKAGE_NAME "yara"
| #define PACKAGE_TARNAME "yara"
| #define PACKAGE_VERSION "3.11.0"
| #define PACKAGE_STRING "yara 3.11.0"
| #define PACKAGE_BUGREPORT "vmalvarez@virustotal.com"
| #define PACKAGE_URL ""
| #define PACKAGE "yara"
| #define VERSION "3.11.0"
| #define STDC_HEADERS 1
| #define HAVE_SYS_TYPES_H 1
| #define HAVE_SYS_STAT_H 1
| #define HAVE_STDLIB_H 1
| #define HAVE_STRING_H 1
| #define HAVE_MEMORY_H 1
| #define HAVE_STRINGS_H 1
| #define HAVE_INTTYPES_H 1
| #define HAVE_STDINT_H 1
| #define HAVE_UNISTD_H 1
| #define HAVE_DLFCN_H 1
| #define LT_OBJDIR ".libs/"
| #define HAVE_LIBM 1
| #define HAVE_LIBM 1
| #define HAVE_MEMMEM 1
| #define HAVE_TIMEGM 1
| /* end confdefs.h.  */
| 
| /* Override any GCC internal prototype to avoid an error.
|    Use char because int might match the return type of a GCC
|    builtin and then its argument prototype would still apply.  */
| #ifdef __cplusplus
| extern "C"
| #endif
| char SHA256_Final ();
| int
| main ()
| {
| return SHA256_Final ();
|   ;
|   return 0;
| }
configure:15033: result: no
configure:15069: WARNING:

*****************************************************************
  Could not find OpenSSL library. Some features in "pe" module
  have been disabled. If you want to enable all features please
  install OpenSSL and run this script again.
*****************************************************************

configure:15078: checking for Microsoft Crypto API
configure:15082: checking for wincrypt.h
configure:15082: gcc -c  -DUSE_LINUX_PROC -pthread  conftest.c >&5
conftest.c:27:10: fatal error: windows.h: No such file or directory
 #include <windows.h>
          ^~~~~~~~~~~
compilation terminated.
configure:15082: $? = 1
configure: failed program was:
| /* confdefs.h */
| #define PACKAGE_NAME "yara"
| #define PACKAGE_TARNAME "yara"
| #define PACKAGE_VERSION "3.11.0"
| #define PACKAGE_STRING "yara 3.11.0"
| #define PACKAGE_BUGREPORT "vmalvarez@virustotal.com"
| #define PACKAGE_URL ""
| #define PACKAGE "yara"
| #define VERSION "3.11.0"
| #define STDC_HEADERS 1
| #define HAVE_SYS_TYPES_H 1
| #define HAVE_SYS_STAT_H 1
| #define HAVE_STDLIB_H 1
| #define HAVE_STRING_H 1
| #define HAVE_MEMORY_H 1
| #define HAVE_STRINGS_H 1
| #define HAVE_INTTYPES_H 1
| #define HAVE_STDINT_H 1
| #define HAVE_UNISTD_H 1
| #define HAVE_DLFCN_H 1
| #define LT_OBJDIR ".libs/"
| #define HAVE_LIBM 1
| #define HAVE_LIBM 1
| #define HAVE_MEMMEM 1
| #define HAVE_TIMEGM 1
| /* end confdefs.h.  */
| #include <windows.h>
| 
| #include <wincrypt.h>
configure:15082: result: no
configure:15098: checking for MacOSX Common Crypto API
configure:15102: checking CommonCrypto/CommonCrypto.h usability
configure:15102: gcc -c  -DUSE_LINUX_PROC -pthread  conftest.c >&5
conftest.c:60:10: fatal error: CommonCrypto/CommonCrypto.h: No such file or directory
 #include <CommonCrypto/CommonCrypto.h>
          ^~~~~~~~~~~~~~~~~~~~~~~~~~~~~
compilation terminated.
configure:15102: $? = 1
configure: failed program was:
| /* confdefs.h */
| #define PACKAGE_NAME "yara"
| #define PACKAGE_TARNAME "yara"
| #define PACKAGE_VERSION "3.11.0"
| #define PACKAGE_STRING "yara 3.11.0"
| #define PACKAGE_BUGREPORT "vmalvarez@virustotal.com"
| #define PACKAGE_URL ""
| #define PACKAGE "yara"
| #define VERSION "3.11.0"
| #define STDC_HEADERS 1
| #define HAVE_SYS_TYPES_H 1
| #define HAVE_SYS_STAT_H 1
| #define HAVE_STDLIB_H 1
| #define HAVE_STRING_H 1
| #define HAVE_MEMORY_H 1
| #define HAVE_STRINGS_H 1
| #define HAVE_INTTYPES_H 1
| #define HAVE_STDINT_H 1
| #define HAVE_UNISTD_H 1
| #define HAVE_DLFCN_H 1
| #define LT_OBJDIR ".libs/"
| #define HAVE_LIBM 1
| #define HAVE_LIBM 1
| #define HAVE_MEMMEM 1
| #define HAVE_TIMEGM 1
| /* end confdefs.h.  */
| #include <stdio.h>
| #ifdef HAVE_SYS_TYPES_H
| # include <sys/types.h>
| #endif
| #ifdef HAVE_SYS_STAT_H
| # include <sys/stat.h>
| #endif
| #ifdef STDC_HEADERS
| # include <stdlib.h>
| # include <stddef.h>
| #else
| # ifdef HAVE_STDLIB_H
| #  include <stdlib.h>
| # endif
| #endif
| #ifdef HAVE_STRING_H
| # if !defined STDC_HEADERS && defined HAVE_MEMORY_H
| #  include <memory.h>
| # endif
| # include <string.h>
| #endif
| #ifdef HAVE_STRINGS_H
| # include <strings.h>
| #endif
| #ifdef HAVE_INTTYPES_H
| # include <inttypes.h>
| #endif
| #ifdef HAVE_STDINT_H
| # include <stdint.h>
| #endif
| #ifdef HAVE_UNISTD_H
| # include <unistd.h>
| #endif
| #include <CommonCrypto/CommonCrypto.h>
configure:15102: result: no
configure:15102: checking CommonCrypto/CommonCrypto.h presence
configure:15102: gcc -E  conftest.c
conftest.c:27:10: fatal error: CommonCrypto/CommonCrypto.h: No such file or directory
 #include <CommonCrypto/CommonCrypto.h>
          ^~~~~~~~~~~~~~~~~~~~~~~~~~~~~
compilation terminated.
configure:15102: $? = 1
configure: failed program was:
| /* confdefs.h */
| #define PACKAGE_NAME "yara"
| #define PACKAGE_TARNAME "yara"
| #define PACKAGE_VERSION "3.11.0"
| #define PACKAGE_STRING "yara 3.11.0"
| #define PACKAGE_BUGREPORT "vmalvarez@virustotal.com"
| #define PACKAGE_URL ""
| #define PACKAGE "yara"
| #define VERSION "3.11.0"
| #define STDC_HEADERS 1
| #define HAVE_SYS_TYPES_H 1
| #define HAVE_SYS_STAT_H 1
| #define HAVE_STDLIB_H 1
| #define HAVE_STRING_H 1
| #define HAVE_MEMORY_H 1
| #define HAVE_STRINGS_H 1
| #define HAVE_INTTYPES_H 1
| #define HAVE_STDINT_H 1
| #define HAVE_UNISTD_H 1
| #define HAVE_DLFCN_H 1
| #define LT_OBJDIR ".libs/"
| #define HAVE_LIBM 1
| #define HAVE_LIBM 1
| #define HAVE_MEMMEM 1
| #define HAVE_TIMEGM 1
| /* end confdefs.h.  */
| #include <CommonCrypto/CommonCrypto.h>
configure:15102: result: no
configure:15102: checking for CommonCrypto/CommonCrypto.h
configure:15102: result: no
configure:15140: WARNING:

*****************************************************************
  Could not find alternative APIs for hash functions. The "hash"
  module has been disabled.
*****************************************************************
            
configure:15163: checking stdbool.h usability
configure:15163: gcc -c  -DUSE_LINUX_PROC -pthread  conftest.c >&5
configure:15163: $? = 0
configure:15163: result: yes
configure:15163: checking stdbool.h presence
configure:15163: gcc -E  conftest.c
configure:15163: $? = 0
configure:15163: result: yes
configure:15163: checking for stdbool.h
configure:15163: result: yes
configure:15176: checking for clock_gettime
configure:15176: gcc -o conftest  -DUSE_LINUX_PROC -pthread   conftest.c -lm -lm   >&5
configure:15176: $? = 0
configure:15176: result: yes
configure:15502: checking that generated files are newer than configure
configure:15508: result: done
configure:15612: creating ./config.status

## ---------------------- ##
## Running config.status. ##
## ---------------------- ##

This file was extended by yara config.status 3.11.0, which was
generated by GNU Autoconf 2.69.  Invocation command line was

  CONFIG_FILES    = 
  CONFIG_HEADERS  = 
  CONFIG_LINKS    = 
  CONFIG_COMMANDS = 
  $ ./config.status 

on npc-laptop

config.status:1058: creating Makefile
config.status:1058: creating libyara/Makefile
config.status:1058: creating libyara/yara.pc
config.status:1230: executing depfiles commands
config.status:1230: executing libtool commands

## ---------------- ##
## Cache variables. ##
## ---------------- ##

ac_cv_build=x86_64-pc-linux-gnu
ac_cv_c_bigendian=no
ac_cv_c_compiler_gnu=yes
ac_cv_env_CC_set=
ac_cv_env_CC_value=
ac_cv_env_CFLAGS_set=
ac_cv_env_CFLAGS_value=
ac_cv_env_CPPFLAGS_set=
ac_cv_env_CPPFLAGS_value=
ac_cv_env_CPP_set=
ac_cv_env_CPP_value=
ac_cv_env_LDFLAGS_set=
ac_cv_env_LDFLAGS_value=
ac_cv_env_LIBS_set=
ac_cv_env_LIBS_value=
ac_cv_env_LT_SYS_LIBRARY_PATH_set=
ac_cv_env_LT_SYS_LIBRARY_PATH_value=
ac_cv_env_YACC_set=
ac_cv_env_YACC_value=
ac_cv_env_YFLAGS_set=
ac_cv_env_YFLAGS_value=
ac_cv_env_build_alias_set=
ac_cv_env_build_alias_value=
ac_cv_env_host_alias_set=
ac_cv_env_host_alias_value=
ac_cv_env_target_alias_set=
ac_cv_env_target_alias_value=
ac_cv_func__mkgmtime=no
ac_cv_func_clock_gettime=yes
ac_cv_func_memmem=yes
ac_cv_func_strlcat=no
ac_cv_func_strlcpy=no
ac_cv_func_timegm=yes
ac_cv_header_CommonCrypto_CommonCrypto_h=no
ac_cv_header_dlfcn_h=yes
ac_cv_header_inttypes_h=yes
ac_cv_header_memory_h=yes
ac_cv_header_openssl_asn1_h=no
ac_cv_header_openssl_bio_h=no
ac_cv_header_openssl_crypto_h=no
ac_cv_header_openssl_md5_h=no
ac_cv_header_openssl_pkcs7_h=no
ac_cv_header_openssl_safestack_h=no
ac_cv_header_openssl_sha_h=no
ac_cv_header_openssl_x509_h=no
ac_cv_header_stdbool_h=yes
ac_cv_header_stdc=yes
ac_cv_header_stdint_h=yes
ac_cv_header_stdlib_h=yes
ac_cv_header_string_h=yes
ac_cv_header_strings_h=yes
ac_cv_header_sys_stat_h=yes
ac_cv_header_sys_types_h=yes
ac_cv_header_unistd_h=yes
ac_cv_header_wincrypt_h=no
ac_cv_host=x86_64-pc-linux-gnu
ac_cv_lib_crypto_MD5_Final=no
ac_cv_lib_crypto_MD5_Init=no
ac_cv_lib_crypto_MD5_Update=no
ac_cv_lib_crypto_SHA256_Final=no
ac_cv_lib_crypto_SHA256_Init=no
ac_cv_lib_crypto_SHA256_Update=no
ac_cv_lib_m_isnan=yes
ac_cv_lib_m_log2=yes
ac_cv_objext=o
ac_cv_path_EGREP='/bin/grep -E'
ac_cv_path_FGREP='/bin/grep -F'
ac_cv_path_GREP=/bin/grep
ac_cv_path_SED=/bin/sed
ac_cv_path_install='/usr/bin/install -c'
ac_cv_path_lt_DD=/bin/dd
ac_cv_path_mkdir=/bin/mkdir
ac_cv_prog_AWK=mawk
ac_cv_prog_CPP='gcc -E'
ac_cv_prog_ac_ct_AR=ar
ac_cv_prog_ac_ct_CC=gcc
ac_cv_prog_ac_ct_MANIFEST_TOOL=mt
ac_cv_prog_ac_ct_OBJDUMP=objdump
ac_cv_prog_ac_ct_RANLIB=ranlib
ac_cv_prog_ac_ct_STRIP=strip
ac_cv_prog_cc_c89=
ac_cv_prog_cc_g=yes
ac_cv_prog_make_make_set=yes
ac_cv_sys_file_offset_bits=no
ac_cv_sys_largefile_CC=no
am_cv_CC_dependencies_compiler_type=gcc3
am_cv_ar_interface=ar
am_cv_make_support_nested_variables=yes
am_cv_prog_cc_c_o=yes
lt_cv_ar_at_file=@
lt_cv_archive_cmds_need_lc=no
lt_cv_deplibs_check_method=pass_all
lt_cv_file_magic_cmd='$MAGIC_CMD'
lt_cv_file_magic_test_file=
lt_cv_ld_reload_flag=-r
lt_cv_nm_interface='BSD nm'
lt_cv_objdir=.libs
lt_cv_path_LD=/usr/bin/ld
lt_cv_path_NM='/usr/bin/nm -B'
lt_cv_path_mainfest_tool=no
lt_cv_prog_compiler_c_o=yes
lt_cv_prog_compiler_pic='-fPIC -DPIC'
lt_cv_prog_compiler_pic_works=yes
lt_cv_prog_compiler_rtti_exceptions=no
lt_cv_prog_compiler_static_works=yes
lt_cv_prog_gnu_ld=yes
lt_cv_sharedlib_from_linklib_cmd='printf %s\n'
lt_cv_shlibpath_overrides_runpath=yes
lt_cv_sys_global_symbol_pipe='sed -n -e '\''s/^.*[	 ]\([ABCDGIRSTW][ABCDGIRSTW]*\)[	 ][	 ]*\([_A-Za-z][_A-Za-z0-9]*\)$/\1 \2 \2/p'\'' | sed '\''/ __gnu_lto/d'\'''
lt_cv_sys_global_symbol_to_c_name_address='sed -n -e '\''s/^: \(.*\) .*$/  {"\1", (void *) 0},/p'\'' -e '\''s/^[ABCDGIRSTW][ABCDGIRSTW]* .* \(.*\)$/  {"\1", (void *) \&\1},/p'\'''
lt_cv_sys_global_symbol_to_c_name_address_lib_prefix='sed -n -e '\''s/^: \(.*\) .*$/  {"\1", (void *) 0},/p'\'' -e '\''s/^[ABCDGIRSTW][ABCDGIRSTW]* .* \(lib.*\)$/  {"\1", (void *) \&\1},/p'\'' -e '\''s/^[ABCDGIRSTW][ABCDGIRSTW]* .* \(.*\)$/  {"lib\1", (void *) \&\1},/p'\'''
lt_cv_sys_global_symbol_to_cdecl='sed -n -e '\''s/^T .* \(.*\)$/extern int \1();/p'\'' -e '\''s/^[ABCDGIRSTW][ABCDGIRSTW]* .* \(.*\)$/extern char \1;/p'\'''
lt_cv_sys_global_symbol_to_import=
lt_cv_sys_max_cmd_len=1572864
lt_cv_to_host_file_cmd=func_convert_file_noop
lt_cv_to_tool_file_cmd=func_convert_file_noop
lt_cv_truncate_bin='/bin/dd bs=4096 count=1'

## ----------------- ##
## Output variables. ##
## ----------------- ##

ACLOCAL='${SHELL} /home/npc/Documents/CS466/project-patrick-javon-malwaresig/yara-3.11.0/build-aux/missing aclocal-1.15'
ADDRESS_SANITIZER_FALSE=''
ADDRESS_SANITIZER_TRUE='#'
AMDEPBACKSLASH='\'
AMDEP_FALSE='#'
AMDEP_TRUE=''
AMTAR='$${TAR-tar}'
AM_BACKSLASH='\'
AM_DEFAULT_V='$(AM_DEFAULT_VERBOSITY)'
AM_DEFAULT_VERBOSITY='0'
AM_V='$(V)'
AR='ar'
AUTOCONF='${SHELL} /home/npc/Documents/CS466/project-patrick-javon-malwaresig/yara-3.11.0/build-aux/missing autoconf'
AUTOHEADER='${SHELL} /home/npc/Documents/CS466/project-patrick-javon-malwaresig/yara-3.11.0/build-aux/missing autoheader'
AUTOMAKE='${SHELL} /home/npc/Documents/CS466/project-patrick-javon-malwaresig/yara-3.11.0/build-aux/missing automake-1.15'
AWK='mawk'
CC='gcc'
CCDEPMODE='depmode=gcc3'
CFLAGS=' -DUSE_LINUX_PROC -pthread'
CPP='gcc -E'
CPPFLAGS=''
CUCKOO_MODULE_FALSE=''
CUCKOO_MODULE_TRUE='#'
CYGPATH_W='echo'
DEBUG_DEX_MODULE_FALSE=''
DEBUG_DEX_MODULE_TRUE='#'
DEBUG_FALSE=''
DEBUG_TRUE='#'
DEFS='-DPACKAGE_NAME=\"yara\" -DPACKAGE_TARNAME=\"yara\" -DPACKAGE_VERSION=\"3.11.0\" -DPACKAGE_STRING=\"yara\ 3.11.0\" -DPACKAGE_BUGREPORT=\"vmalvarez@virustotal.com\" -DPACKAGE_URL=\"\" -DPACKAGE=\"yara\" -DVERSION=\"3.11.0\" -DSTDC_HEADERS=1 -DHAVE_SYS_TYPES_H=1 -DHAVE_SYS_STAT_H=1 -DHAVE_STDLIB_H=1 -DHAVE_STRING_H=1 -DHAVE_MEMORY_H=1 -DHAVE_STRINGS_H=1 -DHAVE_INTTYPES_H=1 -DHAVE_STDINT_H=1 -DHAVE_UNISTD_H=1 -DHAVE_DLFCN_H=1 -DLT_OBJDIR=\".libs/\" -DHAVE_LIBM=1 -DHAVE_LIBM=1 -DHAVE_MEMMEM=1 -DHAVE_TIMEGM=1 -DHAVE_STDBOOL_H=1 -DHAVE_CLOCK_GETTIME=1 -DHAVE_SCAN_PROC_IMPL=1'
DEPDIR='.deps'
DEX_MODULE_FALSE=''
DEX_MODULE_TRUE='#'
DLLTOOL='false'
DOTNET_MODULE_FALSE=''
DOTNET_MODULE_TRUE='#'
DSYMUTIL=''
DUMPBIN=''
ECHO_C=''
ECHO_N='-n'
ECHO_T=''
EGREP='/bin/grep -E'
EXEEXT=''
FGREP='/bin/grep -F'
GCC_FALSE='#'
GCC_TRUE=''
GREP='/bin/grep'
HASH_MODULE_FALSE=''
HASH_MODULE_TRUE='#'
INSTALL_DATA='${INSTALL} -m 644'
INSTALL_PROGRAM='${INSTALL}'
INSTALL_SCRIPT='${INSTALL}'
INSTALL_STRIP_PROGRAM='$(install_sh) -c -s'
LD='/usr/bin/ld -m elf_x86_64'
LDFLAGS=''
LEX='${SHELL} /home/npc/Documents/CS466/project-patrick-javon-malwaresig/yara-3.11.0/build-aux/missing flex'
LEXLIB=''
LEX_OUTPUT_ROOT=''
LIBOBJS=''
LIBS='-lm -lm  '
LIBTOOL='$(SHELL) $(top_builddir)/libtool'
LIPO=''
LN_S='ln -s'
LTLIBOBJS=''
LT_SYS_LIBRARY_PATH=''
MACHO_MODULE_FALSE=''
MACHO_MODULE_TRUE='#'
MAGIC_MODULE_FALSE=''
MAGIC_MODULE_TRUE='#'
MAKEINFO='${SHELL} /home/npc/Documents/CS466/project-patrick-javon-malwaresig/yara-3.11.0/build-aux/missing makeinfo'
MANIFEST_TOOL=':'
MKDIR_P='/bin/mkdir -p'
NM='/usr/bin/nm -B'
NMEDIT=''
OBJDUMP='objdump'
OBJEXT='o'
OPTIMIZATION_FALSE='#'
OPTIMIZATION_TRUE=''
OTOOL64=''
OTOOL=''
PACKAGE='yara'
PACKAGE_BUGREPORT='vmalvarez@virustotal.com'
PACKAGE_NAME='yara'
PACKAGE_STRING='yara 3.11.0'
PACKAGE_TARNAME='yara'
PACKAGE_URL=''
PACKAGE_VERSION='3.11.0'
PATH_SEPARATOR=':'
PC_LIBS_PRIVATE=''
PC_REQUIRES_PRIVATE=''
POSIX_FALSE='#'
POSIX_TRUE=''
PROFILING_ENABLED_FALSE=''
PROFILING_ENABLED_TRUE='#'
PTHREAD_CC='gcc'
PTHREAD_CFLAGS='-pthread'
PTHREAD_LIBS=''
RANLIB='ranlib'
SED='/bin/sed'
SET_MAKE=''
SHELL='/bin/bash'
STRIP='strip'
USE_FREEBSD_PROC_FALSE=''
USE_FREEBSD_PROC_TRUE='#'
USE_LINUX_PROC_FALSE='#'
USE_LINUX_PROC_TRUE=''
USE_MACH_PROC_FALSE=''
USE_MACH_PROC_TRUE='#'
USE_NO_PROC_FALSE=''
USE_NO_PROC_TRUE='#'
USE_OPENBSD_PROC_FALSE=''
USE_OPENBSD_PROC_TRUE='#'
USE_WINDOWS_PROC_FALSE=''
USE_WINDOWS_PROC_TRUE='#'
VERSION='3.11.0'
YACC='yacc'
YFLAGS=''
ac_ct_AR='ar'
ac_ct_CC='gcc'
ac_ct_DUMPBIN=''
acx_pthread_config=''
am__EXEEXT_FALSE=''
am__EXEEXT_TRUE='#'
am__fastdepCC_FALSE='#'
am__fastdepCC_TRUE=''
am__include='include'
am__isrc=''
am__leading_dot='.'
am__nodep='_no'
am__quote=''
am__tar='$${TAR-tar} chof - "$$tardir"'
am__untar='$${TAR-tar} xf -'
bindir='${exec_prefix}/bin'
build='x86_64-pc-linux-gnu'
build_alias=''
build_cpu='x86_64'
build_os='linux-gnu'
build_vendor='pc'
datadir='${datarootdir}'
datarootdir='${prefix}/share'
docdir='${datarootdir}/doc/${PACKAGE_TARNAME}'
dvidir='${docdir}'
exec_prefix='${prefix}'
host='x86_64-pc-linux-gnu'
host_alias=''
host_cpu='x86_64'
host_os='linux-gnu'
host_vendor='pc'
htmldir='${docdir}'
includedir='${prefix}/include'
infodir='${datarootdir}/info'
install_sh='${SHELL} /home/npc/Documents/CS466/project-patrick-javon-malwaresig/yara-3.11.0/build-aux/install-sh'
libdir='${exec_prefix}/lib'
libexecdir='${exec_prefix}/libexec'
localedir='${datarootdir}/locale'
localstatedir='${prefix}/var'
mandir='${datarootdir}/man'
mkdir_p='$(MKDIR_P)'
oldincludedir='/usr/include'
pdfdir='${docdir}'
prefix='/usr/local'
program_transform_name='s,x,x,'
psdir='${docdir}'
runstatedir='${localstatedir}/run'
sbindir='${exec_prefix}/sbin'
sharedstatedir='${prefix}/com'
sysconfdir='${prefix}/etc'
target_alias=''

## ----------- ##
## confdefs.h. ##
## ----------- ##

/* confdefs.h */
#define PACKAGE_NAME "yara"
#define PACKAGE_TARNAME "yara"
#define PACKAGE_VERSION "3.11.0"
#define PACKAGE_STRING "yara 3.11.0"
#define PACKAGE_BUGREPORT "vmalvarez@virustotal.com"
#define PACKAGE_URL ""
#define PACKAGE "yara"
#define VERSION "3.11.0"
#define STDC_HEADERS 1
#define HAVE_SYS_TYPES_H 1
#define HAVE_SYS_STAT_H 1
#define HAVE_STDLIB_H 1
#define HAVE_STRING_H 1
#define HAVE_MEMORY_H 1
#define HAVE_STRINGS_H 1
#define HAVE_INTTYPES_H 1
#define HAVE_STDINT_H 1
#define HAVE_UNISTD_H 1
#define HAVE_DLFCN_H 1
#define LT_OBJDIR ".libs/"
#define HAVE_LIBM 1
#define HAVE_LIBM 1
#define HAVE_MEMMEM 1
#define HAVE_TIMEGM 1
#define HAVE_STDBOOL_H 1
#define HAVE_CLOCK_GETTIME 1
#define HAVE_SCAN_PROC_IMPL 1

configure: exit 0
